2016-07-04 06:17:40.643+0000 INFO  [o.n.k.i.f.CommunityEditionModule] No locking implementation specified, defaulting to 'forseti'
2016-07-04 06:17:40.643+0000 INFO  [o.n.k.AvailabilityGuard] Requirement makes database unavailable: Database available
2016-07-04 06:17:40.644+0000 INFO  [o.n.k.i.DiagnosticsManager] --- INITIALIZED diagnostics START ---
2016-07-04 06:17:40.644+0000 INFO  [o.n.k.i.DiagnosticsManager] Neo4j Kernel properties:
2016-07-04 06:17:40.644+0000 INFO  [o.n.k.i.DiagnosticsManager] unsupported.dbms.edition=community
2016-07-04 06:17:40.644+0000 INFO  [o.n.k.i.DiagnosticsManager] unsupported.dbms.directories.neo4j_home=/Users/pontusmelke/sources/neo4j/enterprise/backup/target/test-data/org.neo4j.restore.RestoreDatabaseCommandTest/84BDDDE977465F791D123FB7BA680307/from
2016-07-04 06:17:40.644+0000 INFO  [o.n.k.i.DiagnosticsManager] unsupported.dbms.ephemeral=false
2016-07-04 06:17:40.644+0000 INFO  [o.n.k.i.DiagnosticsManager] Diagnostics providers:
2016-07-04 06:17:40.644+0000 INFO  [o.n.k.i.DiagnosticsManager] org.neo4j.kernel.configuration.Config
2016-07-04 06:17:40.644+0000 INFO  [o.n.k.i.DiagnosticsManager] org.neo4j.kernel.info.DiagnosticsManager
2016-07-04 06:17:40.644+0000 INFO  [o.n.k.i.DiagnosticsManager] SYSTEM_MEMORY
2016-07-04 06:17:40.644+0000 INFO  [o.n.k.i.DiagnosticsManager] JAVA_MEMORY
2016-07-04 06:17:40.644+0000 INFO  [o.n.k.i.DiagnosticsManager] OPERATING_SYSTEM
2016-07-04 06:17:40.644+0000 INFO  [o.n.k.i.DiagnosticsManager] JAVA_VIRTUAL_MACHINE
2016-07-04 06:17:40.644+0000 INFO  [o.n.k.i.DiagnosticsManager] CLASSPATH
2016-07-04 06:17:40.644+0000 INFO  [o.n.k.i.DiagnosticsManager] LIBRARY_PATH
2016-07-04 06:17:40.644+0000 INFO  [o.n.k.i.DiagnosticsManager] SYSTEM_PROPERTIES
2016-07-04 06:17:40.644+0000 INFO  [o.n.k.i.DiagnosticsManager] NETWORK
2016-07-04 06:17:40.644+0000 INFO  [o.n.k.i.DiagnosticsManager] System memory information:
2016-07-04 06:17:40.644+0000 INFO  [o.n.k.i.DiagnosticsManager] Total Physical memory: 16.00 GB
2016-07-04 06:17:40.644+0000 INFO  [o.n.k.i.DiagnosticsManager] Free Physical memory: 899.60 MB
2016-07-04 06:17:40.644+0000 INFO  [o.n.k.i.DiagnosticsManager] Committed virtual memory: 5.01 GB
2016-07-04 06:17:40.644+0000 INFO  [o.n.k.i.DiagnosticsManager] Total swap space: 10.00 GB
2016-07-04 06:17:40.644+0000 INFO  [o.n.k.i.DiagnosticsManager] Free swap space: 833.25 MB
2016-07-04 06:17:40.644+0000 INFO  [o.n.k.i.DiagnosticsManager] JVM memory information:
2016-07-04 06:17:40.644+0000 INFO  [o.n.k.i.DiagnosticsManager] Free  memory: 428.20 MB
2016-07-04 06:17:40.644+0000 INFO  [o.n.k.i.DiagnosticsManager] Total memory: 636.00 MB
2016-07-04 06:17:40.644+0000 INFO  [o.n.k.i.DiagnosticsManager] Max   memory: 910.50 MB
2016-07-04 06:17:40.644+0000 INFO  [o.n.k.i.DiagnosticsManager] Garbage Collector: PS Scavenge: [PS Eden Space, PS Survivor Space]
2016-07-04 06:17:40.644+0000 INFO  [o.n.k.i.DiagnosticsManager] Garbage Collector: PS MarkSweep: [PS Eden Space, PS Survivor Space, PS Old Gen]
2016-07-04 06:17:40.644+0000 INFO  [o.n.k.i.DiagnosticsManager] Memory Pool: Code Cache (Non-heap memory): committed=21.50 MB, used=21.30 MB, max=240.00 MB, threshold=0.00 B
2016-07-04 06:17:40.644+0000 INFO  [o.n.k.i.DiagnosticsManager] Memory Pool: Metaspace (Non-heap memory): committed=32.13 MB, used=30.93 MB, max=-1.00 B, threshold=0.00 B
2016-07-04 06:17:40.644+0000 INFO  [o.n.k.i.DiagnosticsManager] Memory Pool: Compressed Class Space (Non-heap memory): committed=4.13 MB, used=3.81 MB, max=1.00 GB, threshold=0.00 B
2016-07-04 06:17:40.644+0000 INFO  [o.n.k.i.DiagnosticsManager] Memory Pool: PS Eden Space (Heap memory): committed=153.00 MB, used=77.41 MB, max=159.00 MB, threshold=?
2016-07-04 06:17:40.644+0000 INFO  [o.n.k.i.DiagnosticsManager] Memory Pool: PS Survivor Space (Heap memory): committed=90.50 MB, used=54.40 MB, max=90.50 MB, threshold=?
2016-07-04 06:17:40.644+0000 INFO  [o.n.k.i.DiagnosticsManager] Memory Pool: PS Old Gen (Heap memory): committed=392.50 MB, used=75.99 MB, max=683.00 MB, threshold=0.00 B
2016-07-04 06:17:40.644+0000 INFO  [o.n.k.i.DiagnosticsManager] Operating system information:
2016-07-04 06:17:40.644+0000 INFO  [o.n.k.i.DiagnosticsManager] Operating System: Mac OS X; version: 10.11.5; arch: x86_64; cpus: 8
2016-07-04 06:17:40.644+0000 INFO  [o.n.k.i.DiagnosticsManager] Max number of file descriptors: 10240
2016-07-04 06:17:40.644+0000 INFO  [o.n.k.i.DiagnosticsManager] Number of open file descriptors: 61
2016-07-04 06:17:40.644+0000 INFO  [o.n.k.i.DiagnosticsManager] Process id: 4267@Pontuss-MacBook-Pro-2.local
2016-07-04 06:17:40.644+0000 INFO  [o.n.k.i.DiagnosticsManager] Byte order: LITTLE_ENDIAN
2016-07-04 06:17:40.644+0000 INFO  [o.n.k.i.DiagnosticsManager] Local timezone: Europe/Copenhagen
2016-07-04 06:17:40.644+0000 INFO  [o.n.k.i.DiagnosticsManager] JVM information:
2016-07-04 06:17:40.644+0000 INFO  [o.n.k.i.DiagnosticsManager] VM Name: Java HotSpot(TM) 64-Bit Server VM
2016-07-04 06:17:40.644+0000 INFO  [o.n.k.i.DiagnosticsManager] VM Vendor: Oracle Corporation
2016-07-04 06:17:40.644+0000 INFO  [o.n.k.i.DiagnosticsManager] VM Version: 25.74-b02
2016-07-04 06:17:40.644+0000 INFO  [o.n.k.i.DiagnosticsManager] JIT compiler: HotSpot 64-Bit Tiered Compilers
2016-07-04 06:17:40.644+0000 INFO  [o.n.k.i.DiagnosticsManager] VM Arguments: [-Xmx1G, -XX:+HeapDumpOnOutOfMemoryError, -XX:HeapDumpPath=target/test-data, -Dorg.neo4j.unsafe.impl.internal.dragons.UnsafeUtil.DIRTY_MEMORY=true, -Dorg.neo4j.io.pagecache.impl.muninn.usePreciseCursorErrorStackTraces=true, -XX:+UnlockExperimentalVMOptions, -XX:+TrustFinalNonStaticFields]
2016-07-04 06:17:40.644+0000 INFO  [o.n.k.i.DiagnosticsManager] Java classpath:
2016-07-04 06:17:40.644+0000 INFO  [o.n.k.i.DiagnosticsManager]  [bootstrap] /Library/Java/JavaVirtualMachines/jdk1.8.0_74.jdk/Contents/Home/jre/lib/rt.jar
2016-07-04 06:17:40.644+0000 INFO  [o.n.k.i.DiagnosticsManager]  [bootstrap] /Library/Java/JavaVirtualMachines/jdk1.8.0_74.jdk/Contents/Home/jre/lib/charsets.jar
2016-07-04 06:17:40.644+0000 INFO  [o.n.k.i.DiagnosticsManager]  [loader.1] file:/Library/Java/JavaVirtualMachines/jdk1.8.0_74.jdk/Contents/Home/jre/lib/ext/dnsns.jar
2016-07-04 06:17:40.644+0000 INFO  [o.n.k.i.DiagnosticsManager]  [classpath] /Users/pontusmelke/.m2/repository/org/apache/lucene/lucene-backward-codecs/5.5.0/lucene-backward-codecs-5.5.0.jar
2016-07-04 06:17:40.644+0000 INFO  [o.n.k.i.DiagnosticsManager]  [classpath] /Users/pontusmelke/.m2/repository/org/neo4j/neo4j-lucene-upgrade/3.1.0-SNAPSHOT/neo4j-lucene-upgrade-3.1.0-SNAPSHOT.jar
2016-07-04 06:17:40.644+0000 INFO  [o.n.k.i.DiagnosticsManager]  [classpath] /Users/pontusmelke/.m2/repository/org/neo4j/neo4j-io/3.1.0-SNAPSHOT/neo4j-io-3.1.0-SNAPSHOT-tests.jar
2016-07-04 06:17:40.644+0000 INFO  [o.n.k.i.DiagnosticsManager]  [bootstrap] /Library/Java/JavaVirtualMachines/jdk1.8.0_74.jdk/Contents/Home/jre/lib/resources.jar
2016-07-04 06:17:40.644+0000 INFO  [o.n.k.i.DiagnosticsManager]  [loader.1] file:/Library/Java/JavaVirtualMachines/jdk1.8.0_74.jdk/Contents/Home/jre/lib/ext/localedata.jar
2016-07-04 06:17:40.644+0000 INFO  [o.n.k.i.DiagnosticsManager]  [classpath] /Users/pontusmelke/sources/neo4j/enterprise/com/target/neo4j-com-3.1.0-SNAPSHOT.jar
2016-07-04 06:17:40.644+0000 INFO  [o.n.k.i.DiagnosticsManager]  [loader.0] file:/Users/pontusmelke/sources/neo4j/enterprise/backup/target/surefire/surefirebooter5765195828787536462.jar
2016-07-04 06:17:40.644+0000 INFO  [o.n.k.i.DiagnosticsManager]  [classpath] /Users/pontusmelke/.m2/repository/junit/junit/4.12/junit-4.12.jar
2016-07-04 06:17:40.644+0000 INFO  [o.n.k.i.DiagnosticsManager]  [classpath] /Users/pontusmelke/.m2/repository/org/apache/commons/commons-lang3/3.3.2/commons-lang3-3.3.2.jar
2016-07-04 06:17:40.644+0000 INFO  [o.n.k.i.DiagnosticsManager]  [classpath] /Users/pontusmelke/.m2/repository/org/neo4j/neo4j-io/3.1.0-SNAPSHOT/neo4j-io-3.1.0-SNAPSHOT.jar
2016-07-04 06:17:40.644+0000 INFO  [o.n.k.i.DiagnosticsManager]  [classpath] /Users/pontusmelke/sources/neo4j/enterprise/backup/target/test-classes
2016-07-04 06:17:40.644+0000 INFO  [o.n.k.i.DiagnosticsManager]  [classpath] /Users/pontusmelke/.m2/repository/org/neo4j/neo4j-logging/3.1.0-SNAPSHOT/neo4j-logging-3.1.0-SNAPSHOT.jar
2016-07-04 06:17:40.644+0000 INFO  [o.n.k.i.DiagnosticsManager]  [loader.1] file:/Library/Java/JavaVirtualMachines/jdk1.8.0_74.jdk/Contents/Home/jre/lib/ext/jfxrt.jar
2016-07-04 06:17:40.644+0000 INFO  [o.n.k.i.DiagnosticsManager]  [classpath] /Users/pontusmelke/.m2/repository/org/neo4j/neo4j-resource/3.1.0-SNAPSHOT/neo4j-resource-3.1.0-SNAPSHOT.jar
2016-07-04 06:17:40.644+0000 INFO  [o.n.k.i.DiagnosticsManager]  [classpath] /Users/pontusmelke/.m2/repository/org/neo4j/neo4j-kernel/3.1.0-SNAPSHOT/neo4j-kernel-3.1.0-SNAPSHOT-tests.jar
2016-07-04 06:17:40.644+0000 INFO  [o.n.k.i.DiagnosticsManager]  [classpath] /Users/pontusmelke/.m2/repository/org/hamcrest/hamcrest-library/1.3/hamcrest-library-1.3.jar
2016-07-04 06:17:40.644+0000 INFO  [o.n.k.i.DiagnosticsManager]  [classpath] /Users/pontusmelke/.m2/repository/org/objenesis/objenesis/2.2/objenesis-2.2.jar
2016-07-04 06:17:40.644+0000 INFO  [o.n.k.i.DiagnosticsManager]  [classpath] /Users/pontusmelke/.m2/repository/org/neo4j/neo4j-unsafe/3.1.0-SNAPSHOT/neo4j-unsafe-3.1.0-SNAPSHOT.jar
2016-07-04 06:17:40.644+0000 INFO  [o.n.k.i.DiagnosticsManager]  [loader.1] file:/System/Library/Java/Extensions/MRJToolkit.jar
2016-07-04 06:17:40.644+0000 INFO  [o.n.k.i.DiagnosticsManager]  [classpath] /Users/pontusmelke/sources/neo4j/community/dbms/target/neo4j-dbms-3.1.0-SNAPSHOT.jar
2016-07-04 06:17:40.644+0000 INFO  [o.n.k.i.DiagnosticsManager]  [classpath] /Users/pontusmelke/sources/neo4j/enterprise/cluster/target/neo4j-cluster-3.1.0-SNAPSHOT.jar
2016-07-04 06:17:40.644+0000 INFO  [o.n.k.i.DiagnosticsManager]  [classpath] /Users/pontusmelke/.m2/repository/org/neo4j/neo4j-primitive-collections/3.1.0-SNAPSHOT/neo4j-primitive-collections-3.1.0-SNAPSHOT.jar
2016-07-04 06:17:40.644+0000 INFO  [o.n.k.i.DiagnosticsManager]  [classpath] /Users/pontusmelke/.m2/repository/org/neo4j/neo4j-graphdb-api/3.1.0-SNAPSHOT/neo4j-graphdb-api-3.1.0-SNAPSHOT.jar
2016-07-04 06:17:40.644+0000 INFO  [o.n.k.i.DiagnosticsManager]  [bootstrap] /Library/Java/JavaVirtualMachines/jdk1.8.0_74.jdk/Contents/Home/jre/lib/sunrsasign.jar
2016-07-04 06:17:40.644+0000 INFO  [o.n.k.i.DiagnosticsManager]  [classpath] /Users/pontusmelke/sources/neo4j/community/consistency-check/target/neo4j-consistency-check-3.1.0-SNAPSHOT.jar
2016-07-04 06:17:40.644+0000 INFO  [o.n.k.i.DiagnosticsManager]  [bootstrap] /Library/Java/JavaVirtualMachines/jdk1.8.0_74.jdk/Contents/Home/jre/lib/jfr.jar
2016-07-04 06:17:40.644+0000 INFO  [o.n.k.i.DiagnosticsManager]  [classpath] /Users/pontusmelke/sources/neo4j/enterprise/backup/target/classes
2016-07-04 06:17:40.644+0000 INFO  [o.n.k.i.DiagnosticsManager]  [loader.1] file:/Library/Java/JavaVirtualMachines/jdk1.8.0_74.jdk/Contents/Home/jre/lib/ext/sunjce_provider.jar
2016-07-04 06:17:40.644+0000 INFO  [o.n.k.i.DiagnosticsManager]  [bootstrap] /Library/Java/JavaVirtualMachines/jdk1.8.0_74.jdk/Contents/Home/jre/lib/jce.jar
2016-07-04 06:17:40.644+0000 INFO  [o.n.k.i.DiagnosticsManager]  [classpath] /Users/pontusmelke/.m2/repository/io/netty/netty/3.9.9.Final/netty-3.9.9.Final.jar
2016-07-04 06:17:40.644+0000 INFO  [o.n.k.i.DiagnosticsManager]  [classpath] /Users/pontusmelke/sources/neo4j/enterprise/kernel/target/neo4j-enterprise-kernel-3.1.0-SNAPSHOT.jar
2016-07-04 06:17:40.644+0000 INFO  [o.n.k.i.DiagnosticsManager]  [classpath] /Users/pontusmelke/.m2/repository/org/apache/lucene/lucene-queryparser/5.5.0/lucene-queryparser-5.5.0.jar
2016-07-04 06:17:40.644+0000 INFO  [o.n.k.i.DiagnosticsManager]  [loader.1] file:/Library/Java/JavaVirtualMachines/jdk1.8.0_74.jdk/Contents/Home/jre/lib/ext/cldrdata.jar
2016-07-04 06:17:40.644+0000 INFO  [o.n.k.i.DiagnosticsManager]  [bootstrap] /Library/Java/JavaVirtualMachines/jdk1.8.0_74.jdk/Contents/Home/jre/lib/jsse.jar
2016-07-04 06:17:40.644+0000 INFO  [o.n.k.i.DiagnosticsManager]  [loader.1] file:/Library/Java/JavaVirtualMachines/jdk1.8.0_74.jdk/Contents/Home/jre/lib/ext/jaccess.jar
2016-07-04 06:17:40.644+0000 INFO  [o.n.k.i.DiagnosticsManager]  [classpath] /Users/pontusmelke/.m2/repository/org/hamcrest/hamcrest-core/1.3/hamcrest-core-1.3.jar
2016-07-04 06:17:40.644+0000 INFO  [o.n.k.i.DiagnosticsManager]  [classpath] /Users/pontusmelke/.m2/repository/org/neo4j/neo4j-common/3.1.0-SNAPSHOT/neo4j-common-3.1.0-SNAPSHOT.jar
2016-07-04 06:17:40.644+0000 INFO  [o.n.k.i.DiagnosticsManager]  [classpath] /Users/pontusmelke/.m2/repository/jline/jline/2.12/jline-2.12.jar
2016-07-04 06:17:40.644+0000 INFO  [o.n.k.i.DiagnosticsManager]  [loader.1] file:/Library/Java/JavaVirtualMachines/jdk1.8.0_74.jdk/Contents/Home/jre/lib/ext/sunpkcs11.jar
2016-07-04 06:17:40.644+0000 INFO  [o.n.k.i.DiagnosticsManager]  [classpath] /Users/pontusmelke/.m2/repository/org/mockito/mockito-core/1.10.19/mockito-core-1.10.19.jar
2016-07-04 06:17:40.644+0000 INFO  [o.n.k.i.DiagnosticsManager]  [classpath] /Users/pontusmelke/.m2/repository/org/neo4j/neo4j-csv/3.1.0-SNAPSHOT/neo4j-csv-3.1.0-SNAPSHOT.jar
2016-07-04 06:17:40.644+0000 INFO  [o.n.k.i.DiagnosticsManager]  [loader.1] file:/Library/Java/JavaVirtualMachines/jdk1.8.0_74.jdk/Contents/Home/jre/lib/ext/nashorn.jar
2016-07-04 06:17:40.644+0000 INFO  [o.n.k.i.DiagnosticsManager]  [classpath] /Users/pontusmelke/.m2/repository/org/apache/lucene/lucene-codecs/5.5.0/lucene-codecs-5.5.0.jar
2016-07-04 06:17:40.644+0000 INFO  [o.n.k.i.DiagnosticsManager]  [loader.1] file:/Library/Java/JavaVirtualMachines/jdk1.8.0_74.jdk/Contents/Home/jre/lib/ext/sunec.jar
2016-07-04 06:17:40.644+0000 INFO  [o.n.k.i.DiagnosticsManager]  [loader.1] file:/Library/Java/JavaVirtualMachines/jdk1.8.0_74.jdk/Contents/Home/jre/lib/ext/zipfs.jar
2016-07-04 06:17:40.644+0000 INFO  [o.n.k.i.DiagnosticsManager]  [classpath] /Users/pontusmelke/.m2/repository/org/neo4j/neo4j-lucene-index/3.1.0-SNAPSHOT/neo4j-lucene-index-3.1.0-SNAPSHOT.jar
2016-07-04 06:17:40.644+0000 INFO  [o.n.k.i.DiagnosticsManager]  [classpath] /Users/pontusmelke/.m2/repository/org/apache/lucene/lucene-core/5.5.0/lucene-core-5.5.0.jar
2016-07-04 06:17:40.644+0000 INFO  [o.n.k.i.DiagnosticsManager]  [classpath] /Users/pontusmelke/.m2/repository/org/neo4j/neo4j-collections/3.1.0-SNAPSHOT/neo4j-collections-3.1.0-SNAPSHOT.jar
2016-07-04 06:17:40.644+0000 INFO  [o.n.k.i.DiagnosticsManager]  [classpath] /Users/pontusmelke/.m2/repository/commons-io/commons-io/2.4/commons-io-2.4.jar
2016-07-04 06:17:40.644+0000 INFO  [o.n.k.i.DiagnosticsManager]  [classpath] /Users/pontusmelke/sources/neo4j/community/shell/target/neo4j-shell-3.1.0-SNAPSHOT.jar
2016-07-04 06:17:40.644+0000 INFO  [o.n.k.i.DiagnosticsManager]  [classpath] /Users/pontusmelke/.m2/repository/org/apache/lucene/lucene-analyzers-common/5.5.0/lucene-analyzers-common-5.5.0.jar
2016-07-04 06:17:40.644+0000 INFO  [o.n.k.i.DiagnosticsManager]  [bootstrap] /Library/Java/JavaVirtualMachines/jdk1.8.0_74.jdk/Contents/Home/jre/classes
2016-07-04 06:17:40.644+0000 INFO  [o.n.k.i.DiagnosticsManager]  [classpath] /Users/pontusmelke/.m2/repository/org/neo4j/neo4j-kernel/3.1.0-SNAPSHOT/neo4j-kernel-3.1.0-SNAPSHOT.jar
2016-07-04 06:17:40.644+0000 INFO  [o.n.k.i.DiagnosticsManager] Library path:
2016-07-04 06:17:40.644+0000 INFO  [o.n.k.i.DiagnosticsManager] /Users/pontusmelke/Library/Java/Extensions
2016-07-04 06:17:40.644+0000 INFO  [o.n.k.i.DiagnosticsManager] /Library/Java/Extensions
2016-07-04 06:17:40.644+0000 INFO  [o.n.k.i.DiagnosticsManager] /Network/Library/Java/Extensions
2016-07-04 06:17:40.644+0000 INFO  [o.n.k.i.DiagnosticsManager] /System/Library/Java/Extensions
2016-07-04 06:17:40.644+0000 INFO  [o.n.k.i.DiagnosticsManager] /usr/lib/java
2016-07-04 06:17:40.644+0000 INFO  [o.n.k.i.DiagnosticsManager] /Users/pontusmelke/sources/neo4j/enterprise/backup
2016-07-04 06:17:40.644+0000 INFO  [o.n.k.i.DiagnosticsManager] System.properties:
2016-07-04 06:17:40.644+0000 INFO  [o.n.k.i.DiagnosticsManager] sun.boot.library.path = /Library/Java/JavaVirtualMachines/jdk1.8.0_74.jdk/Contents/Home/jre/lib
2016-07-04 06:17:40.644+0000 INFO  [o.n.k.i.DiagnosticsManager] user.country.format = SE
2016-07-04 06:17:40.644+0000 INFO  [o.n.k.i.DiagnosticsManager] gopherProxySet = false
2016-07-04 06:17:40.644+0000 INFO  [o.n.k.i.DiagnosticsManager] path.separator = :
2016-07-04 06:17:40.644+0000 INFO  [o.n.k.i.DiagnosticsManager] file.encoding.pkg = sun.io
2016-07-04 06:17:40.644+0000 INFO  [o.n.k.i.DiagnosticsManager] user.country = US
2016-07-04 06:17:40.644+0000 INFO  [o.n.k.i.DiagnosticsManager] sun.java.launcher = SUN_STANDARD
2016-07-04 06:17:40.644+0000 INFO  [o.n.k.i.DiagnosticsManager] sun.os.patch.level = unknown
2016-07-04 06:17:40.644+0000 INFO  [o.n.k.i.DiagnosticsManager] user.dir = /Users/pontusmelke/sources/neo4j/enterprise/backup
2016-07-04 06:17:40.644+0000 INFO  [o.n.k.i.DiagnosticsManager] basedir = /Users/pontusmelke/sources/neo4j/enterprise/backup
2016-07-04 06:17:40.644+0000 INFO  [o.n.k.i.DiagnosticsManager] surefire.real.class.path = /Users/pontusmelke/sources/neo4j/enterprise/backup/target/surefire/surefirebooter5765195828787536462.jar
2016-07-04 06:17:40.644+0000 INFO  [o.n.k.i.DiagnosticsManager] org.neo4j.unsafe.impl.internal.dragons.UnsafeUtil.DIRTY_MEMORY = true
2016-07-04 06:17:40.644+0000 INFO  [o.n.k.i.DiagnosticsManager] sun.jnu.encoding = UTF-8
2016-07-04 06:17:40.644+0000 INFO  [o.n.k.i.DiagnosticsManager] sun.nio.ch.bugLevel = 
2016-07-04 06:17:40.644+0000 INFO  [o.n.k.i.DiagnosticsManager] surefire.test.class.path = /Users/pontusmelke/sources/neo4j/enterprise/backup/target/test-classes:/Users/pontusmelke/sources/neo4j/enterprise/backup/target/classes:/Users/pontusmelke/sources/neo4j/enterprise/com/target/neo4j-com-3.1.0-SNAPSHOT.jar:/Users/pontusmelke/.m2/repository/org/neo4j/neo4j-kernel/3.1.0-SNAPSHOT/neo4j-kernel-3.1.0-SNAPSHOT.jar:/Users/pontusmelke/sources/neo4j/enterprise/kernel/target/neo4j-enterprise-kernel-3.1.0-SNAPSHOT.jar:/Users/pontusmelke/.m2/repository/io/netty/netty/3.9.9.Final/netty-3.9.9.Final.jar:/Users/pontusmelke/sources/neo4j/community/dbms/target/neo4j-dbms-3.1.0-SNAPSHOT.jar:/Users/pontusmelke/sources/neo4j/community/shell/target/neo4j-shell-3.1.0-SNAPSHOT.jar:/Users/pontusmelke/.m2/repository/jline/jline/2.12/jline-2.12.jar:/Users/pontusmelke/sources/neo4j/enterprise/cluster/target/neo4j-cluster-3.1.0-SNAPSHOT.jar:/Users/pontusmelke/sources/neo4j/community/consistency-check/target/neo4j-consistency-check-3.1.0-SNAPSHOT.jar:/Users/pontusmelke/.m2/repository/junit/junit/4.12/junit-4.12.jar:/Users/pontusmelke/.m2/repository/org/hamcrest/hamcrest-core/1.3/hamcrest-core-1.3.jar:/Users/pontusmelke/.m2/repository/org/hamcrest/hamcrest-library/1.3/hamcrest-library-1.3.jar:/Users/pontusmelke/.m2/repository/org/mockito/mockito-core/1.10.19/mockito-core-1.10.19.jar:/Users/pontusmelke/.m2/repository/org/objenesis/objenesis/2.2/objenesis-2.2.jar:/Users/pontusmelke/.m2/repository/commons-io/commons-io/2.4/commons-io-2.4.jar:/Users/pontusmelke/.m2/repository/org/neo4j/neo4j-lucene-index/3.1.0-SNAPSHOT/neo4j-lucene-index-3.1.0-SNAPSHOT.jar:/Users/pontusmelke/.m2/repository/org/apache/lucene/lucene-analyzers-common/5.5.0/lucene-analyzers-common-5.5.0.jar:/Users/pontusmelke/.m2/repository/org/apache/lucene/lucene-core/5.5.0/lucene-core-5.5.0.jar:/Users/pontusmelke/.m2/repository/org/apache/lucene/lucene-queryparser/5.5.0/lucene-queryparser-5.5.0.jar:/Users/pontusmelke/.m2/repository/org/apache/lucene/lucene-codecs/5.5.0/lucene-codecs-5.5.0.jar:/Users/pontusmelke/.m2/repository/org/neo4j/neo4j-kernel/3.1.0-SNAPSHOT/neo4j-kernel-3.1.0-SNAPSHOT-tests.jar:/Users/pontusmelke/.m2/repository/org/neo4j/neo4j-graphdb-api/3.1.0-SNAPSHOT/neo4j-graphdb-api-3.1.0-SNAPSHOT.jar:/Users/pontusmelke/.m2/repository/org/neo4j/neo4j-resource/3.1.0-SNAPSHOT/neo4j-resource-3.1.0-SNAPSHOT.jar:/Users/pontusmelke/.m2/repository/org/neo4j/neo4j-common/3.1.0-SNAPSHOT/neo4j-common-3.1.0-SNAPSHOT.jar:/Users/pontusmelke/.m2/repository/org/neo4j/neo4j-collections/3.1.0-SNAPSHOT/neo4j-collections-3.1.0-SNAPSHOT.jar:/Users/pontusmelke/.m2/repository/org/neo4j/neo4j-primitive-collections/3.1.0-SNAPSHOT/neo4j-primitive-collections-3.1.0-SNAPSHOT.jar:/Users/pontusmelke/.m2/repository/org/neo4j/neo4j-io/3.1.0-SNAPSHOT/neo4j-io-3.1.0-SNAPSHOT.jar:/Users/pontusmelke/.m2/repository/org/neo4j/neo4j-csv/3.1.0-SNAPSHOT/neo4j-csv-3.1.0-SNAPSHOT.jar:/Users/pontusmelke/.m2/repository/org/neo4j/neo4j-logging/3.1.0-SNAPSHOT/neo4j-logging-3.1.0-SNAPSHOT.jar:/Users/pontusmelke/.m2/repository/org/neo4j/neo4j-lucene-upgrade/3.1.0-SNAPSHOT/neo4j-lucene-upgrade-3.1.0-SNAPSHOT.jar:/Users/pontusmelke/.m2/repository/org/apache/lucene/lucene-backward-codecs/5.5.0/lucene-backward-codecs-5.5.0.jar:/Users/pontusmelke/.m2/repository/org/neo4j/neo4j-io/3.1.0-SNAPSHOT/neo4j-io-3.1.0-SNAPSHOT-tests.jar:/Users/pontusmelke/.m2/repository/org/neo4j/neo4j-unsafe/3.1.0-SNAPSHOT/neo4j-unsafe-3.1.0-SNAPSHOT.jar:/Users/pontusmelke/.m2/repository/org/apache/commons/commons-lang3/3.3.2/commons-lang3-3.3.2.jar:
2016-07-04 06:17:40.644+0000 INFO  [o.n.k.i.DiagnosticsManager] sun.management.compiler = HotSpot 64-Bit Tiered Compilers
2016-07-04 06:17:40.644+0000 INFO  [o.n.k.i.DiagnosticsManager] http.nonProxyHosts = local|*.local|169.254/16|*.169.254/16
2016-07-04 06:17:40.644+0000 INFO  [o.n.k.i.DiagnosticsManager] user.home = /Users/pontusmelke
2016-07-04 06:17:40.644+0000 INFO  [o.n.k.i.DiagnosticsManager] user.timezone = Europe/Copenhagen
2016-07-04 06:17:40.644+0000 INFO  [o.n.k.i.DiagnosticsManager] file.encoding = UTF-8
2016-07-04 06:17:40.644+0000 INFO  [o.n.k.i.DiagnosticsManager] user.name = pontusmelke
2016-07-04 06:17:40.644+0000 INFO  [o.n.k.i.DiagnosticsManager] org.neo4j.io.pagecache.impl.muninn.usePreciseCursorErrorStackTraces = true
2016-07-04 06:17:40.644+0000 INFO  [o.n.k.i.DiagnosticsManager] sun.java.command = /Users/pontusmelke/sources/neo4j/enterprise/backup/target/surefire/surefirebooter5765195828787536462.jar /Users/pontusmelke/sources/neo4j/enterprise/backup/target/surefire/surefire355985667413403242tmp /Users/pontusmelke/sources/neo4j/enterprise/backup/target/surefire/surefire_175210843128323007244tmp
2016-07-04 06:17:40.644+0000 INFO  [o.n.k.i.DiagnosticsManager] sun.arch.data.model = 64
2016-07-04 06:17:40.644+0000 INFO  [o.n.k.i.DiagnosticsManager] user.language = en
2016-07-04 06:17:40.644+0000 INFO  [o.n.k.i.DiagnosticsManager] awt.toolkit = sun.lwawt.macosx.LWCToolkit
2016-07-04 06:17:40.644+0000 INFO  [o.n.k.i.DiagnosticsManager] localRepository = /Users/pontusmelke/.m2/repository
2016-07-04 06:17:40.644+0000 INFO  [o.n.k.i.DiagnosticsManager] file.separator = /
2016-07-04 06:17:40.644+0000 INFO  [o.n.k.i.DiagnosticsManager] sun.io.unicode.encoding = UnicodeBig
2016-07-04 06:17:40.644+0000 INFO  [o.n.k.i.DiagnosticsManager] sun.cpu.endian = little
2016-07-04 06:17:40.644+0000 INFO  [o.n.k.i.DiagnosticsManager] socksNonProxyHosts = local|*.local|169.254/16|*.169.254/16
2016-07-04 06:17:40.644+0000 INFO  [o.n.k.i.DiagnosticsManager] ftp.nonProxyHosts = local|*.local|169.254/16|*.169.254/16
2016-07-04 06:17:40.644+0000 INFO  [o.n.k.i.DiagnosticsManager] sun.cpu.isalist = 
2016-07-04 06:17:40.644+0000 INFO  [o.n.k.i.DiagnosticsManager] Network information:
2016-07-04 06:17:40.645+0000 INFO  [o.n.k.i.DiagnosticsManager] Interface utun0:
2016-07-04 06:17:40.645+0000 INFO  [o.n.k.i.DiagnosticsManager]     address: fe80:0:0:0:f4b:1547:fba4:e788%utun0
2016-07-04 06:17:40.645+0000 INFO  [o.n.k.i.DiagnosticsManager] Interface awdl0:
2016-07-04 06:17:40.645+0000 INFO  [o.n.k.i.DiagnosticsManager]     address: fe80:0:0:0:f4ab:50ff:feea:21a3%awdl0
2016-07-04 06:17:40.645+0000 INFO  [o.n.k.i.DiagnosticsManager] Interface vboxnet0:
2016-07-04 06:17:40.645+0000 INFO  [o.n.k.i.DiagnosticsManager]     address: 172.28.128.1
2016-07-04 06:17:40.645+0000 INFO  [o.n.k.i.DiagnosticsManager] Interface en0:
2016-07-04 06:17:40.645+0000 INFO  [o.n.k.i.DiagnosticsManager]     address: fe80:0:0:0:f65c:89ff:feb4:85e1%en0
2016-07-04 06:17:40.645+0000 INFO  [o.n.k.i.DiagnosticsManager]     address: 192.168.0.6
2016-07-04 06:17:40.645+0000 INFO  [o.n.k.i.DiagnosticsManager] Interface lo0:
2016-07-04 06:17:40.645+0000 INFO  [o.n.k.i.DiagnosticsManager]     address: fe80:0:0:0:0:0:0:1%lo0
2016-07-04 06:17:40.645+0000 INFO  [o.n.k.i.DiagnosticsManager]     address: 0:0:0:0:0:0:0:1
2016-07-04 06:17:40.645+0000 INFO  [o.n.k.i.DiagnosticsManager]     address: 127.0.0.1
2016-07-04 06:17:40.645+0000 INFO  [o.n.k.i.DiagnosticsManager] --- INITIALIZED diagnostics END ---
2016-07-04 06:17:40.645+0000 INFO  [o.n.k.i.s.f.RecordFormatSelector] Selected format 'RecordFormat:StandardV3_0[v0.A.7]' for the new store
2016-07-04 06:17:40.660+0000 INFO  [o.n.k.a.i.l.LuceneLabelScanStore] No lucene scan store index found, this might just be first use. Preparing to rebuild.
2016-07-04 06:17:40.661+0000 INFO  [o.n.k.NeoStoreDataSource] Opened logical log [/Users/pontusmelke/sources/neo4j/enterprise/backup/target/test-data/org.neo4j.restore.RestoreDatabaseCommandTest/84BDDDE977465F791D123FB7BA680307/from/neostore.transaction.db.0] version=0, lastTxId=1 (clean)
2016-07-04 06:17:40.661+0000 WARN  [o.n.k.i.s.MetaDataStore] Missing counts store, rebuilding it.
2016-07-04 06:17:40.710+0000 INFO  [o.n.k.a.i.l.LuceneLabelScanStore] Rebuilding lucene scan store, this may take a while
2016-07-04 06:17:40.710+0000 INFO  [o.n.k.a.i.l.LuceneLabelScanStore] Lucene scan store rebuilt (roughly 0 nodes)
2016-07-04 06:17:40.710+0000 INFO  [o.n.k.i.DatabaseHealth] Database health set to OK
2016-07-04 06:17:40.712+0000 INFO  [o.n.b.BackupServer] BackupServer communication server started and bound to /127.0.0.1:6362
2016-07-04 06:17:40.712+0000 INFO  [o.n.k.AvailabilityGuard] Fulfilling of requirement makes database available: Database available
2016-07-04 06:17:40.712+0000 INFO  [o.n.k.i.f.GraphDatabaseFacadeFactory] Database is now ready
2016-07-04 06:17:40.712+0000 INFO  [o.n.k.i.DiagnosticsManager] --- STARTED diagnostics for KernelDiagnostics:Versions START ---
2016-07-04 06:17:40.712+0000 INFO  [o.n.k.i.DiagnosticsManager] Graph Database: community single StoreId{creationTime=1467613060659, randomId=-3299754191369998250, storeVersion=15531981201765894, upgradeTime=1467613060659, upgradeId=1}
2016-07-04 06:17:40.712+0000 INFO  [o.n.k.i.DiagnosticsManager] Kernel version: 3.1.0-SNAPSHOT,b0f7d9f
2016-07-04 06:17:40.712+0000 INFO  [o.n.k.i.DiagnosticsManager] --- STARTED diagnostics for KernelDiagnostics:Versions END ---
2016-07-04 06:17:40.712+0000 INFO  [o.n.k.i.DiagnosticsManager] --- STARTED diagnostics for NEO_STORE_VERSIONS START ---
2016-07-04 06:17:40.712+0000 INFO  [o.n.k.i.DiagnosticsManager] Store versions:
2016-07-04 06:17:40.713+0000 INFO  [o.n.k.i.DiagnosticsManager] Store versions:
2016-07-04 06:17:40.713+0000 INFO  [o.n.k.i.DiagnosticsManager]   ArrayPropertyStore v0.A.7
2016-07-04 06:17:40.713+0000 INFO  [o.n.k.i.DiagnosticsManager]   NodeStore v0.A.7
2016-07-04 06:17:40.713+0000 INFO  [o.n.k.i.DiagnosticsManager]   StringPropertyStore v0.A.7
2016-07-04 06:17:40.713+0000 INFO  [o.n.k.i.DiagnosticsManager]   PropertyIndexStore v0.A.7
2016-07-04 06:17:40.713+0000 INFO  [o.n.k.i.DiagnosticsManager]   StringPropertyStore v0.A.7
2016-07-04 06:17:40.713+0000 INFO  [o.n.k.i.DiagnosticsManager]   ArrayPropertyStore v0.A.7
2016-07-04 06:17:40.713+0000 INFO  [o.n.k.i.DiagnosticsManager]   PropertyStore v0.A.7
2016-07-04 06:17:40.713+0000 INFO  [o.n.k.i.DiagnosticsManager]   RelationshipStore v0.A.7
2016-07-04 06:17:40.713+0000 INFO  [o.n.k.i.DiagnosticsManager]   StringPropertyStore v0.A.7
2016-07-04 06:17:40.713+0000 INFO  [o.n.k.i.DiagnosticsManager]   RelationshipTypeStore v0.A.7
2016-07-04 06:17:40.713+0000 INFO  [o.n.k.i.DiagnosticsManager]   StringPropertyStore v0.A.7
2016-07-04 06:17:40.713+0000 INFO  [o.n.k.i.DiagnosticsManager]   LabelTokenStore v0.A.7
2016-07-04 06:17:40.713+0000 INFO  [o.n.k.i.DiagnosticsManager]   SchemaStore v0.A.7
2016-07-04 06:17:40.713+0000 INFO  [o.n.k.i.DiagnosticsManager]   RelationshipGroupStore v0.A.7
2016-07-04 06:17:40.713+0000 INFO  [o.n.k.i.DiagnosticsManager]   NeoStore v0.A.7
2016-07-04 06:17:40.713+0000 INFO  [o.n.k.i.DiagnosticsManager] --- STARTED diagnostics for NEO_STORE_VERSIONS END ---
2016-07-04 06:17:40.713+0000 INFO  [o.n.k.i.DiagnosticsManager] --- STARTED diagnostics for NEO_STORE_ID_USAGE START ---
2016-07-04 06:17:40.713+0000 INFO  [o.n.k.i.DiagnosticsManager] Id usage:
2016-07-04 06:17:40.713+0000 INFO  [o.n.k.i.DiagnosticsManager] Id usage:
2016-07-04 06:17:40.713+0000 INFO  [o.n.k.i.DiagnosticsManager]   ArrayPropertyStore: used=1 high=0
2016-07-04 06:17:40.713+0000 INFO  [o.n.k.i.DiagnosticsManager]   NodeStore: used=0 high=-1
2016-07-04 06:17:40.713+0000 INFO  [o.n.k.i.DiagnosticsManager]   StringPropertyStore: used=1 high=0
2016-07-04 06:17:40.713+0000 INFO  [o.n.k.i.DiagnosticsManager]   PropertyIndexStore: used=0 high=-1
2016-07-04 06:17:40.713+0000 INFO  [o.n.k.i.DiagnosticsManager]   StringPropertyStore: used=1 high=0
2016-07-04 06:17:40.713+0000 INFO  [o.n.k.i.DiagnosticsManager]   ArrayPropertyStore: used=1 high=0
2016-07-04 06:17:40.713+0000 INFO  [o.n.k.i.DiagnosticsManager]   PropertyStore: used=0 high=-1
2016-07-04 06:17:40.713+0000 INFO  [o.n.k.i.DiagnosticsManager]   RelationshipStore: used=0 high=-1
2016-07-04 06:17:40.713+0000 INFO  [o.n.k.i.DiagnosticsManager]   StringPropertyStore: used=1 high=0
2016-07-04 06:17:40.713+0000 INFO  [o.n.k.i.DiagnosticsManager]   RelationshipTypeStore: used=0 high=-1
2016-07-04 06:17:40.713+0000 INFO  [o.n.k.i.DiagnosticsManager]   StringPropertyStore: used=1 high=0
2016-07-04 06:17:40.713+0000 INFO  [o.n.k.i.DiagnosticsManager]   LabelTokenStore: used=0 high=-1
2016-07-04 06:17:40.713+0000 INFO  [o.n.k.i.DiagnosticsManager]   SchemaStore: used=1 high=0
2016-07-04 06:17:40.713+0000 INFO  [o.n.k.i.DiagnosticsManager]   RelationshipGroupStore: used=1 high=0
2016-07-04 06:17:40.713+0000 INFO  [o.n.k.i.DiagnosticsManager]   NeoStore: used=13 high=12
2016-07-04 06:17:40.713+0000 INFO  [o.n.k.i.DiagnosticsManager] --- STARTED diagnostics for NEO_STORE_ID_USAGE END ---
2016-07-04 06:17:40.713+0000 INFO  [o.n.k.i.DiagnosticsManager] --- STARTED diagnostics for NEO_STORE_RECORDS START ---
2016-07-04 06:17:40.713+0000 INFO  [o.n.k.i.DiagnosticsManager] Neostore records:
2016-07-04 06:17:40.713+0000 INFO  [o.n.k.i.DiagnosticsManager] TIME (Creation time): 1467613060659
2016-07-04 06:17:40.713+0000 INFO  [o.n.k.i.DiagnosticsManager] RANDOM_NUMBER (Random number for store id): -3299754191369998250
2016-07-04 06:17:40.713+0000 INFO  [o.n.k.i.DiagnosticsManager] LOG_VERSION (Current log version): 0
2016-07-04 06:17:40.713+0000 INFO  [o.n.k.i.DiagnosticsManager] LAST_TRANSACTION_ID (Last committed transaction): 1
2016-07-04 06:17:40.713+0000 INFO  [o.n.k.i.DiagnosticsManager] STORE_VERSION (Store format version): 15531981201765894
2016-07-04 06:17:40.713+0000 INFO  [o.n.k.i.DiagnosticsManager] FIRST_GRAPH_PROPERTY (First property record containing graph properties): -1
2016-07-04 06:17:40.713+0000 INFO  [o.n.k.i.DiagnosticsManager] LAST_CONSTRAINT_TRANSACTION (Last committed transaction containing constraint changes): 0
2016-07-04 06:17:40.713+0000 INFO  [o.n.k.i.DiagnosticsManager] UPGRADE_TRANSACTION_ID (Transaction id most recent upgrade was performed at): 1
2016-07-04 06:17:40.713+0000 INFO  [o.n.k.i.DiagnosticsManager] UPGRADE_TIME (Time of last upgrade): 1467613060659
2016-07-04 06:17:40.713+0000 INFO  [o.n.k.i.DiagnosticsManager] LAST_TRANSACTION_CHECKSUM (Checksum of last committed transaction): 0
2016-07-04 06:17:40.713+0000 INFO  [o.n.k.i.DiagnosticsManager] UPGRADE_TRANSACTION_CHECKSUM (Checksum of transaction id the most recent upgrade was performed at): 0
2016-07-04 06:17:40.713+0000 INFO  [o.n.k.i.DiagnosticsManager] LAST_CLOSED_TRANSACTION_LOG_VERSION (Log version where the last transaction commit entry has been written into): 0
2016-07-04 06:17:40.713+0000 INFO  [o.n.k.i.DiagnosticsManager] LAST_CLOSED_TRANSACTION_LOG_BYTE_OFFSET (Byte offset in the log file where the last transaction commit entry has been written into): 16
2016-07-04 06:17:40.713+0000 INFO  [o.n.k.i.DiagnosticsManager] --- STARTED diagnostics for NEO_STORE_RECORDS END ---
2016-07-04 06:17:40.713+0000 INFO  [o.n.k.i.DiagnosticsManager] --- STARTED diagnostics for TRANSACTION_RANGE START ---
2016-07-04 06:17:40.713+0000 INFO  [o.n.k.i.DiagnosticsManager] Transaction log:
2016-07-04 06:17:40.714+0000 INFO  [o.n.k.i.DiagnosticsManager] No transactions found in any log
2016-07-04 06:17:40.714+0000 INFO  [o.n.k.i.DiagnosticsManager] --- STARTED diagnostics for TRANSACTION_RANGE END ---
2016-07-04 06:17:40.714+0000 INFO  [o.n.k.i.DiagnosticsManager] --- STARTED diagnostics for KernelDiagnostics:StoreFiles START ---
2016-07-04 06:17:40.714+0000 INFO  [o.n.k.i.DiagnosticsManager] Disk space on partition (Total / Free / Free %): 999334871040 / 719089930240 / 71
Storage files: (filename : modification date - size)
2016-07-04 06:17:40.714+0000 INFO  [o.n.k.i.DiagnosticsManager]   index:
2016-07-04 06:17:40.714+0000 INFO  [o.n.k.i.DiagnosticsManager]   - Total: 2016-07-04T08:17:40+0200 - 0.00 B
2016-07-04 06:17:40.714+0000 INFO  [o.n.k.i.DiagnosticsManager]   logs:
2016-07-04 06:17:40.714+0000 INFO  [o.n.k.i.DiagnosticsManager]     debug.log: 2016-07-04T08:17:40+0200 - 32.54 kB
2016-07-04 06:17:40.714+0000 INFO  [o.n.k.i.DiagnosticsManager]   - Total: 2016-07-04T08:17:40+0200 - 32.54 kB
2016-07-04 06:17:40.714+0000 INFO  [o.n.k.i.DiagnosticsManager]   neostore: 2016-07-04T08:17:40+0200 - 8.00 kB
2016-07-04 06:17:40.714+0000 INFO  [o.n.k.i.DiagnosticsManager]   neostore.counts.db.a: 2016-07-04T08:17:40+0200 - 96.00 B
2016-07-04 06:17:40.714+0000 INFO  [o.n.k.i.DiagnosticsManager]   neostore.id: 2016-07-04T08:17:40+0200 - 9.00 B
2016-07-04 06:17:40.714+0000 INFO  [o.n.k.i.DiagnosticsManager]   neostore.labeltokenstore.db: 2016-07-04T08:17:40+0200 - 0.00 B
2016-07-04 06:17:40.714+0000 INFO  [o.n.k.i.DiagnosticsManager]   neostore.labeltokenstore.db.id: 2016-07-04T08:17:40+0200 - 9.00 B
2016-07-04 06:17:40.714+0000 INFO  [o.n.k.i.DiagnosticsManager]   neostore.labeltokenstore.db.names: 2016-07-04T08:17:40+0200 - 8.00 kB
2016-07-04 06:17:40.714+0000 INFO  [o.n.k.i.DiagnosticsManager]   neostore.labeltokenstore.db.names.id: 2016-07-04T08:17:40+0200 - 9.00 B
2016-07-04 06:17:40.714+0000 INFO  [o.n.k.i.DiagnosticsManager]   neostore.nodestore.db: 2016-07-04T08:17:40+0200 - 0.00 B
2016-07-04 06:17:40.714+0000 INFO  [o.n.k.i.DiagnosticsManager]   neostore.nodestore.db.id: 2016-07-04T08:17:40+0200 - 9.00 B
2016-07-04 06:17:40.714+0000 INFO  [o.n.k.i.DiagnosticsManager]   neostore.nodestore.db.labels: 2016-07-04T08:17:40+0200 - 8.00 kB
2016-07-04 06:17:40.714+0000 INFO  [o.n.k.i.DiagnosticsManager]   neostore.nodestore.db.labels.id: 2016-07-04T08:17:40+0200 - 9.00 B
2016-07-04 06:17:40.714+0000 INFO  [o.n.k.i.DiagnosticsManager]   neostore.propertystore.db: 2016-07-04T08:17:40+0200 - 0.00 B
2016-07-04 06:17:40.714+0000 INFO  [o.n.k.i.DiagnosticsManager]   neostore.propertystore.db.arrays: 2016-07-04T08:17:40+0200 - 8.00 kB
2016-07-04 06:17:40.714+0000 INFO  [o.n.k.i.DiagnosticsManager]   neostore.propertystore.db.arrays.id: 2016-07-04T08:17:40+0200 - 9.00 B
2016-07-04 06:17:40.714+0000 INFO  [o.n.k.i.DiagnosticsManager]   neostore.propertystore.db.id: 2016-07-04T08:17:40+0200 - 9.00 B
2016-07-04 06:17:40.714+0000 INFO  [o.n.k.i.DiagnosticsManager]   neostore.propertystore.db.index: 2016-07-04T08:17:40+0200 - 0.00 B
2016-07-04 06:17:40.714+0000 INFO  [o.n.k.i.DiagnosticsManager]   neostore.propertystore.db.index.id: 2016-07-04T08:17:40+0200 - 9.00 B
2016-07-04 06:17:40.714+0000 INFO  [o.n.k.i.DiagnosticsManager]   neostore.propertystore.db.index.keys: 2016-07-04T08:17:40+0200 - 8.00 kB
2016-07-04 06:17:40.714+0000 INFO  [o.n.k.i.DiagnosticsManager]   neostore.propertystore.db.index.keys.id: 2016-07-04T08:17:40+0200 - 9.00 B
2016-07-04 06:17:40.714+0000 INFO  [o.n.k.i.DiagnosticsManager]   neostore.propertystore.db.strings: 2016-07-04T08:17:40+0200 - 8.00 kB
2016-07-04 06:17:40.715+0000 INFO  [o.n.k.i.DiagnosticsManager]   neostore.propertystore.db.strings.id: 2016-07-04T08:17:40+0200 - 9.00 B
2016-07-04 06:17:40.715+0000 INFO  [o.n.k.i.DiagnosticsManager]   neostore.relationshipgroupstore.db: 2016-07-04T08:17:40+0200 - 8.00 kB
2016-07-04 06:17:40.715+0000 INFO  [o.n.k.i.DiagnosticsManager]   neostore.relationshipgroupstore.db.id: 2016-07-04T08:17:40+0200 - 9.00 B
2016-07-04 06:17:40.715+0000 INFO  [o.n.k.i.DiagnosticsManager]   neostore.relationshipstore.db: 2016-07-04T08:17:40+0200 - 0.00 B
2016-07-04 06:17:40.715+0000 INFO  [o.n.k.i.DiagnosticsManager]   neostore.relationshipstore.db.id: 2016-07-04T08:17:40+0200 - 9.00 B
2016-07-04 06:17:40.715+0000 INFO  [o.n.k.i.DiagnosticsManager]   neostore.relationshiptypestore.db: 2016-07-04T08:17:40+0200 - 0.00 B
2016-07-04 06:17:40.715+0000 INFO  [o.n.k.i.DiagnosticsManager]   neostore.relationshiptypestore.db.id: 2016-07-04T08:17:40+0200 - 9.00 B
2016-07-04 06:17:40.715+0000 INFO  [o.n.k.i.DiagnosticsManager]   neostore.relationshiptypestore.db.names: 2016-07-04T08:17:40+0200 - 8.00 kB
2016-07-04 06:17:40.715+0000 INFO  [o.n.k.i.DiagnosticsManager]   neostore.relationshiptypestore.db.names.id: 2016-07-04T08:17:40+0200 - 9.00 B
2016-07-04 06:17:40.715+0000 INFO  [o.n.k.i.DiagnosticsManager]   neostore.schemastore.db: 2016-07-04T08:17:40+0200 - 8.00 kB
2016-07-04 06:17:40.715+0000 INFO  [o.n.k.i.DiagnosticsManager]   neostore.schemastore.db.id: 2016-07-04T08:17:40+0200 - 9.00 B
2016-07-04 06:17:40.715+0000 INFO  [o.n.k.i.DiagnosticsManager]   neostore.transaction.db.0: 2016-07-04T08:17:40+0200 - 16.00 B
2016-07-04 06:17:40.715+0000 INFO  [o.n.k.i.DiagnosticsManager]   schema:
2016-07-04 06:17:40.715+0000 INFO  [o.n.k.i.DiagnosticsManager]     label:
2016-07-04 06:17:40.715+0000 INFO  [o.n.k.i.DiagnosticsManager]       lucene:
2016-07-04 06:17:40.715+0000 INFO  [o.n.k.i.DiagnosticsManager]         labelStore:
2016-07-04 06:17:40.715+0000 INFO  [o.n.k.i.DiagnosticsManager]           1:
2016-07-04 06:17:40.715+0000 INFO  [o.n.k.i.DiagnosticsManager]             write.lock: 2016-07-04T08:17:40+0200 - 0.00 B
2016-07-04 06:17:40.715+0000 INFO  [o.n.k.i.DiagnosticsManager]           - Total: 2016-07-04T08:17:40+0200 - 0.00 B
2016-07-04 06:17:40.715+0000 INFO  [o.n.k.i.DiagnosticsManager]           failure-message: 2016-07-04T08:17:40+0200 - 16.00 kB
2016-07-04 06:17:40.715+0000 INFO  [o.n.k.i.DiagnosticsManager]         - Total: 2016-07-04T08:17:40+0200 - 16.00 kB
2016-07-04 06:17:40.715+0000 INFO  [o.n.k.i.DiagnosticsManager]       - Total: 2016-07-04T08:17:40+0200 - 16.00 kB
2016-07-04 06:17:40.715+0000 INFO  [o.n.k.i.DiagnosticsManager]     - Total: 2016-07-04T08:17:40+0200 - 16.00 kB
2016-07-04 06:17:40.715+0000 INFO  [o.n.k.i.DiagnosticsManager]   - Total: 2016-07-04T08:17:40+0200 - 16.00 kB
2016-07-04 06:17:40.715+0000 INFO  [o.n.k.i.DiagnosticsManager]   store_lock: 2016-07-04T08:17:40+0200 - 0.00 B
2016-07-04 06:17:40.715+0000 INFO  [o.n.k.i.DiagnosticsManager] --- STARTED diagnostics for KernelDiagnostics:StoreFiles END ---
2016-07-04 06:17:40.718+0000 INFO  [o.n.k.i.f.GraphDatabaseFacadeFactory] Shutdown started
2016-07-04 06:17:40.718+0000 INFO  [o.n.k.i.f.GraphDatabaseFacadeFactory] Database is now unavailable
2016-07-04 06:17:40.718+0000 INFO  [o.n.b.BackupServer] BackupServer communication server shutting down and unbinding from  /127.0.0.1:6362
2016-07-04 06:17:40.719+0000 INFO  [o.n.k.i.t.l.c.CheckPointerImpl] Check Pointing triggered by database shutdown [2]:  Starting check pointing...
2016-07-04 06:17:40.719+0000 INFO  [o.n.k.i.t.l.c.CheckPointerImpl] Check Pointing triggered by database shutdown [2]:  Starting store flush...
2016-07-04 06:17:40.720+0000 INFO  [o.n.k.i.s.c.CountsTracker] About to rotate counts store at transaction 2 to [/Users/pontusmelke/sources/neo4j/enterprise/backup/target/test-data/org.neo4j.restore.RestoreDatabaseCommandTest/84BDDDE977465F791D123FB7BA680307/from/neostore.counts.db.b], from [/Users/pontusmelke/sources/neo4j/enterprise/backup/target/test-data/org.neo4j.restore.RestoreDatabaseCommandTest/84BDDDE977465F791D123FB7BA680307/from/neostore.counts.db.a].
2016-07-04 06:17:40.720+0000 INFO  [o.n.k.i.s.c.CountsTracker] Successfully rotated counts store at transaction 2 to [/Users/pontusmelke/sources/neo4j/enterprise/backup/target/test-data/org.neo4j.restore.RestoreDatabaseCommandTest/84BDDDE977465F791D123FB7BA680307/from/neostore.counts.db.b], from [/Users/pontusmelke/sources/neo4j/enterprise/backup/target/test-data/org.neo4j.restore.RestoreDatabaseCommandTest/84BDDDE977465F791D123FB7BA680307/from/neostore.counts.db.a].
2016-07-04 06:17:40.721+0000 INFO  [o.n.k.i.t.l.c.CheckPointerImpl] Check Pointing triggered by database shutdown [2]:  Store flush completed
2016-07-04 06:17:40.721+0000 INFO  [o.n.k.i.t.l.c.CheckPointerImpl] Check Pointing triggered by database shutdown [2]:  Starting appending check point entry into the tx log...
2016-07-04 06:17:40.721+0000 INFO  [o.n.k.i.t.l.c.CheckPointerImpl] Check Pointing triggered by database shutdown [2]:  Appending check point entry into the tx log completed
2016-07-04 06:17:40.721+0000 INFO  [o.n.k.i.t.l.c.CheckPointerImpl] Check Pointing triggered by database shutdown [2]:  Check pointing completed
2016-07-04 06:17:40.721+0000 INFO  [o.n.k.i.t.l.p.LogPruningImpl] Log Rotation [0]:  Starting log pruning.
2016-07-04 06:17:40.721+0000 INFO  [o.n.k.i.t.l.p.LogPruningImpl] Log Rotation [0]:  Log pruning complete.
2016-07-04 06:17:40.724+0000 INFO  [o.n.k.i.DiagnosticsManager] --- STOPPING diagnostics START ---
2016-07-04 06:17:40.724+0000 INFO  [o.n.k.i.DiagnosticsManager] --- STOPPING diagnostics END ---
2016-07-04 06:17:40.937+0000 INFO  [o.n.k.i.f.CommunityEditionModule] No locking implementation specified, defaulting to 'forseti'
2016-07-04 06:17:40.937+0000 INFO  [o.n.k.AvailabilityGuard] Requirement makes database unavailable: Database available
2016-07-04 06:17:40.938+0000 INFO  [o.n.k.i.DiagnosticsManager] --- INITIALIZED diagnostics START ---
2016-07-04 06:17:40.938+0000 INFO  [o.n.k.i.DiagnosticsManager] Neo4j Kernel properties:
2016-07-04 06:17:40.938+0000 INFO  [o.n.k.i.DiagnosticsManager] unsupported.dbms.edition=community
2016-07-04 06:17:40.938+0000 INFO  [o.n.k.i.DiagnosticsManager] unsupported.dbms.directories.neo4j_home=/Users/pontusmelke/sources/neo4j/enterprise/backup/data/databases/to
2016-07-04 06:17:40.938+0000 INFO  [o.n.k.i.DiagnosticsManager] unsupported.dbms.ephemeral=false
2016-07-04 06:17:40.938+0000 INFO  [o.n.k.i.DiagnosticsManager] Diagnostics providers:
2016-07-04 06:17:40.938+0000 INFO  [o.n.k.i.DiagnosticsManager] org.neo4j.kernel.configuration.Config
2016-07-04 06:17:40.938+0000 INFO  [o.n.k.i.DiagnosticsManager] org.neo4j.kernel.info.DiagnosticsManager
2016-07-04 06:17:40.938+0000 INFO  [o.n.k.i.DiagnosticsManager] SYSTEM_MEMORY
2016-07-04 06:17:40.938+0000 INFO  [o.n.k.i.DiagnosticsManager] JAVA_MEMORY
2016-07-04 06:17:40.938+0000 INFO  [o.n.k.i.DiagnosticsManager] OPERATING_SYSTEM
2016-07-04 06:17:40.938+0000 INFO  [o.n.k.i.DiagnosticsManager] JAVA_VIRTUAL_MACHINE
2016-07-04 06:17:40.938+0000 INFO  [o.n.k.i.DiagnosticsManager] CLASSPATH
2016-07-04 06:17:40.938+0000 INFO  [o.n.k.i.DiagnosticsManager] LIBRARY_PATH
2016-07-04 06:17:40.938+0000 INFO  [o.n.k.i.DiagnosticsManager] SYSTEM_PROPERTIES
2016-07-04 06:17:40.938+0000 INFO  [o.n.k.i.DiagnosticsManager] NETWORK
2016-07-04 06:17:40.938+0000 INFO  [o.n.k.i.DiagnosticsManager] System memory information:
2016-07-04 06:17:40.938+0000 INFO  [o.n.k.i.DiagnosticsManager] Total Physical memory: 16.00 GB
2016-07-04 06:17:40.938+0000 INFO  [o.n.k.i.DiagnosticsManager] Free Physical memory: 895.64 MB
2016-07-04 06:17:40.938+0000 INFO  [o.n.k.i.DiagnosticsManager] Committed virtual memory: 5.01 GB
2016-07-04 06:17:40.938+0000 INFO  [o.n.k.i.DiagnosticsManager] Total swap space: 10.00 GB
2016-07-04 06:17:40.938+0000 INFO  [o.n.k.i.DiagnosticsManager] Free swap space: 833.25 MB
2016-07-04 06:17:40.938+0000 INFO  [o.n.k.i.DiagnosticsManager] JVM memory information:
2016-07-04 06:17:40.938+0000 INFO  [o.n.k.i.DiagnosticsManager] Free  memory: 429.13 MB
2016-07-04 06:17:40.938+0000 INFO  [o.n.k.i.DiagnosticsManager] Total memory: 637.00 MB
2016-07-04 06:17:40.938+0000 INFO  [o.n.k.i.DiagnosticsManager] Max   memory: 910.50 MB
2016-07-04 06:17:40.938+0000 INFO  [o.n.k.i.DiagnosticsManager] Garbage Collector: PS Scavenge: [PS Eden Space, PS Survivor Space]
2016-07-04 06:17:40.938+0000 INFO  [o.n.k.i.DiagnosticsManager] Garbage Collector: PS MarkSweep: [PS Eden Space, PS Survivor Space, PS Old Gen]
2016-07-04 06:17:40.938+0000 INFO  [o.n.k.i.DiagnosticsManager] Memory Pool: Code Cache (Non-heap memory): committed=21.56 MB, used=21.35 MB, max=240.00 MB, threshold=0.00 B
2016-07-04 06:17:40.938+0000 INFO  [o.n.k.i.DiagnosticsManager] Memory Pool: Metaspace (Non-heap memory): committed=32.13 MB, used=30.94 MB, max=-1.00 B, threshold=0.00 B
2016-07-04 06:17:40.938+0000 INFO  [o.n.k.i.DiagnosticsManager] Memory Pool: Compressed Class Space (Non-heap memory): committed=4.13 MB, used=3.81 MB, max=1.00 GB, threshold=0.00 B
2016-07-04 06:17:40.938+0000 INFO  [o.n.k.i.DiagnosticsManager] Memory Pool: PS Eden Space (Heap memory): committed=153.00 MB, used=65.22 MB, max=155.00 MB, threshold=?
2016-07-04 06:17:40.938+0000 INFO  [o.n.k.i.DiagnosticsManager] Memory Pool: PS Survivor Space (Heap memory): committed=91.50 MB, used=61.99 MB, max=91.50 MB, threshold=?
2016-07-04 06:17:40.938+0000 INFO  [o.n.k.i.DiagnosticsManager] Memory Pool: PS Old Gen (Heap memory): committed=392.50 MB, used=80.66 MB, max=683.00 MB, threshold=0.00 B
2016-07-04 06:17:40.938+0000 INFO  [o.n.k.i.DiagnosticsManager] Operating system information:
2016-07-04 06:17:40.938+0000 INFO  [o.n.k.i.DiagnosticsManager] Operating System: Mac OS X; version: 10.11.5; arch: x86_64; cpus: 8
2016-07-04 06:17:40.938+0000 INFO  [o.n.k.i.DiagnosticsManager] Max number of file descriptors: 10240
2016-07-04 06:17:40.938+0000 INFO  [o.n.k.i.DiagnosticsManager] Number of open file descriptors: 61
2016-07-04 06:17:40.938+0000 INFO  [o.n.k.i.DiagnosticsManager] Process id: 4267@Pontuss-MacBook-Pro-2.local
2016-07-04 06:17:40.938+0000 INFO  [o.n.k.i.DiagnosticsManager] Byte order: LITTLE_ENDIAN
2016-07-04 06:17:40.938+0000 INFO  [o.n.k.i.DiagnosticsManager] Local timezone: Europe/Copenhagen
2016-07-04 06:17:40.938+0000 INFO  [o.n.k.i.DiagnosticsManager] JVM information:
2016-07-04 06:17:40.938+0000 INFO  [o.n.k.i.DiagnosticsManager] VM Name: Java HotSpot(TM) 64-Bit Server VM
2016-07-04 06:17:40.938+0000 INFO  [o.n.k.i.DiagnosticsManager] VM Vendor: Oracle Corporation
2016-07-04 06:17:40.938+0000 INFO  [o.n.k.i.DiagnosticsManager] VM Version: 25.74-b02
2016-07-04 06:17:40.938+0000 INFO  [o.n.k.i.DiagnosticsManager] JIT compiler: HotSpot 64-Bit Tiered Compilers
2016-07-04 06:17:40.938+0000 INFO  [o.n.k.i.DiagnosticsManager] VM Arguments: [-Xmx1G, -XX:+HeapDumpOnOutOfMemoryError, -XX:HeapDumpPath=target/test-data, -Dorg.neo4j.unsafe.impl.internal.dragons.UnsafeUtil.DIRTY_MEMORY=true, -Dorg.neo4j.io.pagecache.impl.muninn.usePreciseCursorErrorStackTraces=true, -XX:+UnlockExperimentalVMOptions, -XX:+TrustFinalNonStaticFields]
2016-07-04 06:17:40.938+0000 INFO  [o.n.k.i.DiagnosticsManager] Java classpath:
2016-07-04 06:17:40.938+0000 INFO  [o.n.k.i.DiagnosticsManager]  [bootstrap] /Library/Java/JavaVirtualMachines/jdk1.8.0_74.jdk/Contents/Home/jre/lib/rt.jar
2016-07-04 06:17:40.938+0000 INFO  [o.n.k.i.DiagnosticsManager]  [bootstrap] /Library/Java/JavaVirtualMachines/jdk1.8.0_74.jdk/Contents/Home/jre/lib/charsets.jar
2016-07-04 06:17:40.938+0000 INFO  [o.n.k.i.DiagnosticsManager]  [loader.1] file:/Library/Java/JavaVirtualMachines/jdk1.8.0_74.jdk/Contents/Home/jre/lib/ext/dnsns.jar
2016-07-04 06:17:40.938+0000 INFO  [o.n.k.i.DiagnosticsManager]  [classpath] /Users/pontusmelke/.m2/repository/org/apache/lucene/lucene-backward-codecs/5.5.0/lucene-backward-codecs-5.5.0.jar
2016-07-04 06:17:40.938+0000 INFO  [o.n.k.i.DiagnosticsManager]  [classpath] /Users/pontusmelke/.m2/repository/org/neo4j/neo4j-lucene-upgrade/3.1.0-SNAPSHOT/neo4j-lucene-upgrade-3.1.0-SNAPSHOT.jar
2016-07-04 06:17:40.938+0000 INFO  [o.n.k.i.DiagnosticsManager]  [classpath] /Users/pontusmelke/.m2/repository/org/neo4j/neo4j-io/3.1.0-SNAPSHOT/neo4j-io-3.1.0-SNAPSHOT-tests.jar
2016-07-04 06:17:40.938+0000 INFO  [o.n.k.i.DiagnosticsManager]  [bootstrap] /Library/Java/JavaVirtualMachines/jdk1.8.0_74.jdk/Contents/Home/jre/lib/resources.jar
2016-07-04 06:17:40.938+0000 INFO  [o.n.k.i.DiagnosticsManager]  [loader.1] file:/Library/Java/JavaVirtualMachines/jdk1.8.0_74.jdk/Contents/Home/jre/lib/ext/localedata.jar
2016-07-04 06:17:40.938+0000 INFO  [o.n.k.i.DiagnosticsManager]  [classpath] /Users/pontusmelke/sources/neo4j/enterprise/com/target/neo4j-com-3.1.0-SNAPSHOT.jar
2016-07-04 06:17:40.938+0000 INFO  [o.n.k.i.DiagnosticsManager]  [loader.0] file:/Users/pontusmelke/sources/neo4j/enterprise/backup/target/surefire/surefirebooter5765195828787536462.jar
2016-07-04 06:17:40.938+0000 INFO  [o.n.k.i.DiagnosticsManager]  [classpath] /Users/pontusmelke/.m2/repository/junit/junit/4.12/junit-4.12.jar
2016-07-04 06:17:40.938+0000 INFO  [o.n.k.i.DiagnosticsManager]  [classpath] /Users/pontusmelke/.m2/repository/org/apache/commons/commons-lang3/3.3.2/commons-lang3-3.3.2.jar
2016-07-04 06:17:40.938+0000 INFO  [o.n.k.i.DiagnosticsManager]  [classpath] /Users/pontusmelke/.m2/repository/org/neo4j/neo4j-io/3.1.0-SNAPSHOT/neo4j-io-3.1.0-SNAPSHOT.jar
2016-07-04 06:17:40.938+0000 INFO  [o.n.k.i.DiagnosticsManager]  [classpath] /Users/pontusmelke/sources/neo4j/enterprise/backup/target/test-classes
2016-07-04 06:17:40.938+0000 INFO  [o.n.k.i.DiagnosticsManager]  [classpath] /Users/pontusmelke/.m2/repository/org/neo4j/neo4j-logging/3.1.0-SNAPSHOT/neo4j-logging-3.1.0-SNAPSHOT.jar
2016-07-04 06:17:40.938+0000 INFO  [o.n.k.i.DiagnosticsManager]  [loader.1] file:/Library/Java/JavaVirtualMachines/jdk1.8.0_74.jdk/Contents/Home/jre/lib/ext/jfxrt.jar
2016-07-04 06:17:40.938+0000 INFO  [o.n.k.i.DiagnosticsManager]  [classpath] /Users/pontusmelke/.m2/repository/org/neo4j/neo4j-resource/3.1.0-SNAPSHOT/neo4j-resource-3.1.0-SNAPSHOT.jar
2016-07-04 06:17:40.938+0000 INFO  [o.n.k.i.DiagnosticsManager]  [classpath] /Users/pontusmelke/.m2/repository/org/neo4j/neo4j-kernel/3.1.0-SNAPSHOT/neo4j-kernel-3.1.0-SNAPSHOT-tests.jar
2016-07-04 06:17:40.938+0000 INFO  [o.n.k.i.DiagnosticsManager]  [classpath] /Users/pontusmelke/.m2/repository/org/hamcrest/hamcrest-library/1.3/hamcrest-library-1.3.jar
2016-07-04 06:17:40.938+0000 INFO  [o.n.k.i.DiagnosticsManager]  [classpath] /Users/pontusmelke/.m2/repository/org/objenesis/objenesis/2.2/objenesis-2.2.jar
2016-07-04 06:17:40.938+0000 INFO  [o.n.k.i.DiagnosticsManager]  [classpath] /Users/pontusmelke/.m2/repository/org/neo4j/neo4j-unsafe/3.1.0-SNAPSHOT/neo4j-unsafe-3.1.0-SNAPSHOT.jar
2016-07-04 06:17:40.938+0000 INFO  [o.n.k.i.DiagnosticsManager]  [loader.1] file:/System/Library/Java/Extensions/MRJToolkit.jar
2016-07-04 06:17:40.938+0000 INFO  [o.n.k.i.DiagnosticsManager]  [classpath] /Users/pontusmelke/sources/neo4j/community/dbms/target/neo4j-dbms-3.1.0-SNAPSHOT.jar
2016-07-04 06:17:40.938+0000 INFO  [o.n.k.i.DiagnosticsManager]  [classpath] /Users/pontusmelke/sources/neo4j/enterprise/cluster/target/neo4j-cluster-3.1.0-SNAPSHOT.jar
2016-07-04 06:17:40.938+0000 INFO  [o.n.k.i.DiagnosticsManager]  [classpath] /Users/pontusmelke/.m2/repository/org/neo4j/neo4j-primitive-collections/3.1.0-SNAPSHOT/neo4j-primitive-collections-3.1.0-SNAPSHOT.jar
2016-07-04 06:17:40.938+0000 INFO  [o.n.k.i.DiagnosticsManager]  [classpath] /Users/pontusmelke/.m2/repository/org/neo4j/neo4j-graphdb-api/3.1.0-SNAPSHOT/neo4j-graphdb-api-3.1.0-SNAPSHOT.jar
2016-07-04 06:17:40.938+0000 INFO  [o.n.k.i.DiagnosticsManager]  [bootstrap] /Library/Java/JavaVirtualMachines/jdk1.8.0_74.jdk/Contents/Home/jre/lib/sunrsasign.jar
2016-07-04 06:17:40.938+0000 INFO  [o.n.k.i.DiagnosticsManager]  [classpath] /Users/pontusmelke/sources/neo4j/community/consistency-check/target/neo4j-consistency-check-3.1.0-SNAPSHOT.jar
2016-07-04 06:17:40.938+0000 INFO  [o.n.k.i.DiagnosticsManager]  [bootstrap] /Library/Java/JavaVirtualMachines/jdk1.8.0_74.jdk/Contents/Home/jre/lib/jfr.jar
2016-07-04 06:17:40.938+0000 INFO  [o.n.k.i.DiagnosticsManager]  [classpath] /Users/pontusmelke/sources/neo4j/enterprise/backup/target/classes
2016-07-04 06:17:40.938+0000 INFO  [o.n.k.i.DiagnosticsManager]  [loader.1] file:/Library/Java/JavaVirtualMachines/jdk1.8.0_74.jdk/Contents/Home/jre/lib/ext/sunjce_provider.jar
2016-07-04 06:17:40.938+0000 INFO  [o.n.k.i.DiagnosticsManager]  [bootstrap] /Library/Java/JavaVirtualMachines/jdk1.8.0_74.jdk/Contents/Home/jre/lib/jce.jar
2016-07-04 06:17:40.938+0000 INFO  [o.n.k.i.DiagnosticsManager]  [classpath] /Users/pontusmelke/.m2/repository/io/netty/netty/3.9.9.Final/netty-3.9.9.Final.jar
2016-07-04 06:17:40.938+0000 INFO  [o.n.k.i.DiagnosticsManager]  [classpath] /Users/pontusmelke/sources/neo4j/enterprise/kernel/target/neo4j-enterprise-kernel-3.1.0-SNAPSHOT.jar
2016-07-04 06:17:40.938+0000 INFO  [o.n.k.i.DiagnosticsManager]  [classpath] /Users/pontusmelke/.m2/repository/org/apache/lucene/lucene-queryparser/5.5.0/lucene-queryparser-5.5.0.jar
2016-07-04 06:17:40.938+0000 INFO  [o.n.k.i.DiagnosticsManager]  [loader.1] file:/Library/Java/JavaVirtualMachines/jdk1.8.0_74.jdk/Contents/Home/jre/lib/ext/cldrdata.jar
2016-07-04 06:17:40.938+0000 INFO  [o.n.k.i.DiagnosticsManager]  [bootstrap] /Library/Java/JavaVirtualMachines/jdk1.8.0_74.jdk/Contents/Home/jre/lib/jsse.jar
2016-07-04 06:17:40.938+0000 INFO  [o.n.k.i.DiagnosticsManager]  [loader.1] file:/Library/Java/JavaVirtualMachines/jdk1.8.0_74.jdk/Contents/Home/jre/lib/ext/jaccess.jar
2016-07-04 06:17:40.938+0000 INFO  [o.n.k.i.DiagnosticsManager]  [classpath] /Users/pontusmelke/.m2/repository/org/hamcrest/hamcrest-core/1.3/hamcrest-core-1.3.jar
2016-07-04 06:17:40.938+0000 INFO  [o.n.k.i.DiagnosticsManager]  [classpath] /Users/pontusmelke/.m2/repository/org/neo4j/neo4j-common/3.1.0-SNAPSHOT/neo4j-common-3.1.0-SNAPSHOT.jar
2016-07-04 06:17:40.938+0000 INFO  [o.n.k.i.DiagnosticsManager]  [classpath] /Users/pontusmelke/.m2/repository/jline/jline/2.12/jline-2.12.jar
2016-07-04 06:17:40.938+0000 INFO  [o.n.k.i.DiagnosticsManager]  [loader.1] file:/Library/Java/JavaVirtualMachines/jdk1.8.0_74.jdk/Contents/Home/jre/lib/ext/sunpkcs11.jar
2016-07-04 06:17:40.938+0000 INFO  [o.n.k.i.DiagnosticsManager]  [classpath] /Users/pontusmelke/.m2/repository/org/mockito/mockito-core/1.10.19/mockito-core-1.10.19.jar
2016-07-04 06:17:40.938+0000 INFO  [o.n.k.i.DiagnosticsManager]  [classpath] /Users/pontusmelke/.m2/repository/org/neo4j/neo4j-csv/3.1.0-SNAPSHOT/neo4j-csv-3.1.0-SNAPSHOT.jar
2016-07-04 06:17:40.938+0000 INFO  [o.n.k.i.DiagnosticsManager]  [loader.1] file:/Library/Java/JavaVirtualMachines/jdk1.8.0_74.jdk/Contents/Home/jre/lib/ext/nashorn.jar
2016-07-04 06:17:40.938+0000 INFO  [o.n.k.i.DiagnosticsManager]  [classpath] /Users/pontusmelke/.m2/repository/org/apache/lucene/lucene-codecs/5.5.0/lucene-codecs-5.5.0.jar
2016-07-04 06:17:40.938+0000 INFO  [o.n.k.i.DiagnosticsManager]  [loader.1] file:/Library/Java/JavaVirtualMachines/jdk1.8.0_74.jdk/Contents/Home/jre/lib/ext/sunec.jar
2016-07-04 06:17:40.938+0000 INFO  [o.n.k.i.DiagnosticsManager]  [loader.1] file:/Library/Java/JavaVirtualMachines/jdk1.8.0_74.jdk/Contents/Home/jre/lib/ext/zipfs.jar
2016-07-04 06:17:40.938+0000 INFO  [o.n.k.i.DiagnosticsManager]  [classpath] /Users/pontusmelke/.m2/repository/org/neo4j/neo4j-lucene-index/3.1.0-SNAPSHOT/neo4j-lucene-index-3.1.0-SNAPSHOT.jar
2016-07-04 06:17:40.938+0000 INFO  [o.n.k.i.DiagnosticsManager]  [classpath] /Users/pontusmelke/.m2/repository/org/apache/lucene/lucene-core/5.5.0/lucene-core-5.5.0.jar
2016-07-04 06:17:40.938+0000 INFO  [o.n.k.i.DiagnosticsManager]  [classpath] /Users/pontusmelke/.m2/repository/org/neo4j/neo4j-collections/3.1.0-SNAPSHOT/neo4j-collections-3.1.0-SNAPSHOT.jar
2016-07-04 06:17:40.938+0000 INFO  [o.n.k.i.DiagnosticsManager]  [classpath] /Users/pontusmelke/.m2/repository/commons-io/commons-io/2.4/commons-io-2.4.jar
2016-07-04 06:17:40.938+0000 INFO  [o.n.k.i.DiagnosticsManager]  [classpath] /Users/pontusmelke/sources/neo4j/community/shell/target/neo4j-shell-3.1.0-SNAPSHOT.jar
2016-07-04 06:17:40.938+0000 INFO  [o.n.k.i.DiagnosticsManager]  [classpath] /Users/pontusmelke/.m2/repository/org/apache/lucene/lucene-analyzers-common/5.5.0/lucene-analyzers-common-5.5.0.jar
2016-07-04 06:17:40.938+0000 INFO  [o.n.k.i.DiagnosticsManager]  [bootstrap] /Library/Java/JavaVirtualMachines/jdk1.8.0_74.jdk/Contents/Home/jre/classes
2016-07-04 06:17:40.938+0000 INFO  [o.n.k.i.DiagnosticsManager]  [classpath] /Users/pontusmelke/.m2/repository/org/neo4j/neo4j-kernel/3.1.0-SNAPSHOT/neo4j-kernel-3.1.0-SNAPSHOT.jar
2016-07-04 06:17:40.938+0000 INFO  [o.n.k.i.DiagnosticsManager] Library path:
2016-07-04 06:17:40.938+0000 INFO  [o.n.k.i.DiagnosticsManager] /Users/pontusmelke/Library/Java/Extensions
2016-07-04 06:17:40.938+0000 INFO  [o.n.k.i.DiagnosticsManager] /Library/Java/Extensions
2016-07-04 06:17:40.938+0000 INFO  [o.n.k.i.DiagnosticsManager] /Network/Library/Java/Extensions
2016-07-04 06:17:40.938+0000 INFO  [o.n.k.i.DiagnosticsManager] /System/Library/Java/Extensions
2016-07-04 06:17:40.938+0000 INFO  [o.n.k.i.DiagnosticsManager] /usr/lib/java
2016-07-04 06:17:40.938+0000 INFO  [o.n.k.i.DiagnosticsManager] /Users/pontusmelke/sources/neo4j/enterprise/backup
2016-07-04 06:17:40.938+0000 INFO  [o.n.k.i.DiagnosticsManager] System.properties:
2016-07-04 06:17:40.938+0000 INFO  [o.n.k.i.DiagnosticsManager] sun.boot.library.path = /Library/Java/JavaVirtualMachines/jdk1.8.0_74.jdk/Contents/Home/jre/lib
2016-07-04 06:17:40.938+0000 INFO  [o.n.k.i.DiagnosticsManager] user.country.format = SE
2016-07-04 06:17:40.938+0000 INFO  [o.n.k.i.DiagnosticsManager] gopherProxySet = false
2016-07-04 06:17:40.938+0000 INFO  [o.n.k.i.DiagnosticsManager] path.separator = :
2016-07-04 06:17:40.938+0000 INFO  [o.n.k.i.DiagnosticsManager] file.encoding.pkg = sun.io
2016-07-04 06:17:40.938+0000 INFO  [o.n.k.i.DiagnosticsManager] user.country = US
2016-07-04 06:17:40.938+0000 INFO  [o.n.k.i.DiagnosticsManager] sun.java.launcher = SUN_STANDARD
2016-07-04 06:17:40.938+0000 INFO  [o.n.k.i.DiagnosticsManager] sun.os.patch.level = unknown
2016-07-04 06:17:40.938+0000 INFO  [o.n.k.i.DiagnosticsManager] user.dir = /Users/pontusmelke/sources/neo4j/enterprise/backup
2016-07-04 06:17:40.938+0000 INFO  [o.n.k.i.DiagnosticsManager] basedir = /Users/pontusmelke/sources/neo4j/enterprise/backup
2016-07-04 06:17:40.938+0000 INFO  [o.n.k.i.DiagnosticsManager] surefire.real.class.path = /Users/pontusmelke/sources/neo4j/enterprise/backup/target/surefire/surefirebooter5765195828787536462.jar
2016-07-04 06:17:40.938+0000 INFO  [o.n.k.i.DiagnosticsManager] org.neo4j.unsafe.impl.internal.dragons.UnsafeUtil.DIRTY_MEMORY = true
2016-07-04 06:17:40.938+0000 INFO  [o.n.k.i.DiagnosticsManager] sun.jnu.encoding = UTF-8
2016-07-04 06:17:40.938+0000 INFO  [o.n.k.i.DiagnosticsManager] sun.nio.ch.bugLevel = 
2016-07-04 06:17:40.938+0000 INFO  [o.n.k.i.DiagnosticsManager] surefire.test.class.path = /Users/pontusmelke/sources/neo4j/enterprise/backup/target/test-classes:/Users/pontusmelke/sources/neo4j/enterprise/backup/target/classes:/Users/pontusmelke/sources/neo4j/enterprise/com/target/neo4j-com-3.1.0-SNAPSHOT.jar:/Users/pontusmelke/.m2/repository/org/neo4j/neo4j-kernel/3.1.0-SNAPSHOT/neo4j-kernel-3.1.0-SNAPSHOT.jar:/Users/pontusmelke/sources/neo4j/enterprise/kernel/target/neo4j-enterprise-kernel-3.1.0-SNAPSHOT.jar:/Users/pontusmelke/.m2/repository/io/netty/netty/3.9.9.Final/netty-3.9.9.Final.jar:/Users/pontusmelke/sources/neo4j/community/dbms/target/neo4j-dbms-3.1.0-SNAPSHOT.jar:/Users/pontusmelke/sources/neo4j/community/shell/target/neo4j-shell-3.1.0-SNAPSHOT.jar:/Users/pontusmelke/.m2/repository/jline/jline/2.12/jline-2.12.jar:/Users/pontusmelke/sources/neo4j/enterprise/cluster/target/neo4j-cluster-3.1.0-SNAPSHOT.jar:/Users/pontusmelke/sources/neo4j/community/consistency-check/target/neo4j-consistency-check-3.1.0-SNAPSHOT.jar:/Users/pontusmelke/.m2/repository/junit/junit/4.12/junit-4.12.jar:/Users/pontusmelke/.m2/repository/org/hamcrest/hamcrest-core/1.3/hamcrest-core-1.3.jar:/Users/pontusmelke/.m2/repository/org/hamcrest/hamcrest-library/1.3/hamcrest-library-1.3.jar:/Users/pontusmelke/.m2/repository/org/mockito/mockito-core/1.10.19/mockito-core-1.10.19.jar:/Users/pontusmelke/.m2/repository/org/objenesis/objenesis/2.2/objenesis-2.2.jar:/Users/pontusmelke/.m2/repository/commons-io/commons-io/2.4/commons-io-2.4.jar:/Users/pontusmelke/.m2/repository/org/neo4j/neo4j-lucene-index/3.1.0-SNAPSHOT/neo4j-lucene-index-3.1.0-SNAPSHOT.jar:/Users/pontusmelke/.m2/repository/org/apache/lucene/lucene-analyzers-common/5.5.0/lucene-analyzers-common-5.5.0.jar:/Users/pontusmelke/.m2/repository/org/apache/lucene/lucene-core/5.5.0/lucene-core-5.5.0.jar:/Users/pontusmelke/.m2/repository/org/apache/lucene/lucene-queryparser/5.5.0/lucene-queryparser-5.5.0.jar:/Users/pontusmelke/.m2/repository/org/apache/lucene/lucene-codecs/5.5.0/lucene-codecs-5.5.0.jar:/Users/pontusmelke/.m2/repository/org/neo4j/neo4j-kernel/3.1.0-SNAPSHOT/neo4j-kernel-3.1.0-SNAPSHOT-tests.jar:/Users/pontusmelke/.m2/repository/org/neo4j/neo4j-graphdb-api/3.1.0-SNAPSHOT/neo4j-graphdb-api-3.1.0-SNAPSHOT.jar:/Users/pontusmelke/.m2/repository/org/neo4j/neo4j-resource/3.1.0-SNAPSHOT/neo4j-resource-3.1.0-SNAPSHOT.jar:/Users/pontusmelke/.m2/repository/org/neo4j/neo4j-common/3.1.0-SNAPSHOT/neo4j-common-3.1.0-SNAPSHOT.jar:/Users/pontusmelke/.m2/repository/org/neo4j/neo4j-collections/3.1.0-SNAPSHOT/neo4j-collections-3.1.0-SNAPSHOT.jar:/Users/pontusmelke/.m2/repository/org/neo4j/neo4j-primitive-collections/3.1.0-SNAPSHOT/neo4j-primitive-collections-3.1.0-SNAPSHOT.jar:/Users/pontusmelke/.m2/repository/org/neo4j/neo4j-io/3.1.0-SNAPSHOT/neo4j-io-3.1.0-SNAPSHOT.jar:/Users/pontusmelke/.m2/repository/org/neo4j/neo4j-csv/3.1.0-SNAPSHOT/neo4j-csv-3.1.0-SNAPSHOT.jar:/Users/pontusmelke/.m2/repository/org/neo4j/neo4j-logging/3.1.0-SNAPSHOT/neo4j-logging-3.1.0-SNAPSHOT.jar:/Users/pontusmelke/.m2/repository/org/neo4j/neo4j-lucene-upgrade/3.1.0-SNAPSHOT/neo4j-lucene-upgrade-3.1.0-SNAPSHOT.jar:/Users/pontusmelke/.m2/repository/org/apache/lucene/lucene-backward-codecs/5.5.0/lucene-backward-codecs-5.5.0.jar:/Users/pontusmelke/.m2/repository/org/neo4j/neo4j-io/3.1.0-SNAPSHOT/neo4j-io-3.1.0-SNAPSHOT-tests.jar:/Users/pontusmelke/.m2/repository/org/neo4j/neo4j-unsafe/3.1.0-SNAPSHOT/neo4j-unsafe-3.1.0-SNAPSHOT.jar:/Users/pontusmelke/.m2/repository/org/apache/commons/commons-lang3/3.3.2/commons-lang3-3.3.2.jar:
2016-07-04 06:17:40.938+0000 INFO  [o.n.k.i.DiagnosticsManager] sun.management.compiler = HotSpot 64-Bit Tiered Compilers
2016-07-04 06:17:40.938+0000 INFO  [o.n.k.i.DiagnosticsManager] http.nonProxyHosts = local|*.local|169.254/16|*.169.254/16
2016-07-04 06:17:40.938+0000 INFO  [o.n.k.i.DiagnosticsManager] user.home = /Users/pontusmelke
2016-07-04 06:17:40.938+0000 INFO  [o.n.k.i.DiagnosticsManager] user.timezone = Europe/Copenhagen
2016-07-04 06:17:40.938+0000 INFO  [o.n.k.i.DiagnosticsManager] file.encoding = UTF-8
2016-07-04 06:17:40.938+0000 INFO  [o.n.k.i.DiagnosticsManager] user.name = pontusmelke
2016-07-04 06:17:40.938+0000 INFO  [o.n.k.i.DiagnosticsManager] org.neo4j.io.pagecache.impl.muninn.usePreciseCursorErrorStackTraces = true
2016-07-04 06:17:40.938+0000 INFO  [o.n.k.i.DiagnosticsManager] sun.java.command = /Users/pontusmelke/sources/neo4j/enterprise/backup/target/surefire/surefirebooter5765195828787536462.jar /Users/pontusmelke/sources/neo4j/enterprise/backup/target/surefire/surefire355985667413403242tmp /Users/pontusmelke/sources/neo4j/enterprise/backup/target/surefire/surefire_175210843128323007244tmp
2016-07-04 06:17:40.938+0000 INFO  [o.n.k.i.DiagnosticsManager] sun.arch.data.model = 64
2016-07-04 06:17:40.938+0000 INFO  [o.n.k.i.DiagnosticsManager] user.language = en
2016-07-04 06:17:40.938+0000 INFO  [o.n.k.i.DiagnosticsManager] awt.toolkit = sun.lwawt.macosx.LWCToolkit
2016-07-04 06:17:40.938+0000 INFO  [o.n.k.i.DiagnosticsManager] localRepository = /Users/pontusmelke/.m2/repository
2016-07-04 06:17:40.938+0000 INFO  [o.n.k.i.DiagnosticsManager] file.separator = /
2016-07-04 06:17:40.938+0000 INFO  [o.n.k.i.DiagnosticsManager] sun.io.unicode.encoding = UnicodeBig
2016-07-04 06:17:40.938+0000 INFO  [o.n.k.i.DiagnosticsManager] sun.cpu.endian = little
2016-07-04 06:17:40.938+0000 INFO  [o.n.k.i.DiagnosticsManager] socksNonProxyHosts = local|*.local|169.254/16|*.169.254/16
2016-07-04 06:17:40.938+0000 INFO  [o.n.k.i.DiagnosticsManager] ftp.nonProxyHosts = local|*.local|169.254/16|*.169.254/16
2016-07-04 06:17:40.938+0000 INFO  [o.n.k.i.DiagnosticsManager] sun.cpu.isalist = 
2016-07-04 06:17:40.938+0000 INFO  [o.n.k.i.DiagnosticsManager] Network information:
2016-07-04 06:17:40.938+0000 INFO  [o.n.k.i.DiagnosticsManager] Interface utun0:
2016-07-04 06:17:40.938+0000 INFO  [o.n.k.i.DiagnosticsManager]     address: fe80:0:0:0:f4b:1547:fba4:e788%utun0
2016-07-04 06:17:40.938+0000 INFO  [o.n.k.i.DiagnosticsManager] Interface awdl0:
2016-07-04 06:17:40.938+0000 INFO  [o.n.k.i.DiagnosticsManager]     address: fe80:0:0:0:f4ab:50ff:feea:21a3%awdl0
2016-07-04 06:17:40.938+0000 INFO  [o.n.k.i.DiagnosticsManager] Interface vboxnet0:
2016-07-04 06:17:40.938+0000 INFO  [o.n.k.i.DiagnosticsManager]     address: 172.28.128.1
2016-07-04 06:17:40.938+0000 INFO  [o.n.k.i.DiagnosticsManager] Interface en0:
2016-07-04 06:17:40.938+0000 INFO  [o.n.k.i.DiagnosticsManager]     address: fe80:0:0:0:f65c:89ff:feb4:85e1%en0
2016-07-04 06:17:40.938+0000 INFO  [o.n.k.i.DiagnosticsManager]     address: 192.168.0.6
2016-07-04 06:17:40.938+0000 INFO  [o.n.k.i.DiagnosticsManager] Interface lo0:
2016-07-04 06:17:40.938+0000 INFO  [o.n.k.i.DiagnosticsManager]     address: fe80:0:0:0:0:0:0:1%lo0
2016-07-04 06:17:40.938+0000 INFO  [o.n.k.i.DiagnosticsManager]     address: 0:0:0:0:0:0:0:1
2016-07-04 06:17:40.938+0000 INFO  [o.n.k.i.DiagnosticsManager]     address: 127.0.0.1
2016-07-04 06:17:40.938+0000 INFO  [o.n.k.i.DiagnosticsManager] --- INITIALIZED diagnostics END ---
2016-07-04 06:17:40.939+0000 INFO  [o.n.k.i.s.f.RecordFormatSelector] Selected RecordFormat:StandardV3_0[v0.A.7] record format from store /Users/pontusmelke/sources/neo4j/enterprise/backup/data/databases/to
2016-07-04 06:17:40.940+0000 INFO  [o.n.k.i.s.f.RecordFormatSelector] Format not configured. Selected format from the store: RecordFormat:StandardV3_0[v0.A.7]
2016-07-04 06:17:40.949+0000 INFO  [o.n.k.i.DatabaseHealth] Database health set to OK
2016-07-04 06:17:40.950+0000 INFO  [o.n.b.BackupServer] BackupServer communication server started and bound to /127.0.0.1:6362
2016-07-04 06:17:40.950+0000 INFO  [o.n.k.AvailabilityGuard] Fulfilling of requirement makes database available: Database available
2016-07-04 06:17:40.950+0000 INFO  [o.n.k.i.f.GraphDatabaseFacadeFactory] Database is now ready
2016-07-04 06:17:40.950+0000 INFO  [o.n.k.i.DiagnosticsManager] --- STARTED diagnostics for KernelDiagnostics:Versions START ---
2016-07-04 06:17:40.950+0000 INFO  [o.n.k.i.DiagnosticsManager] Graph Database: community single StoreId{creationTime=1467613060659, randomId=-3299754191369998250, storeVersion=15531981201765894, upgradeTime=1467613060659, upgradeId=1}
2016-07-04 06:17:40.950+0000 INFO  [o.n.k.i.DiagnosticsManager] Kernel version: 3.1.0-SNAPSHOT,b0f7d9f
2016-07-04 06:17:40.950+0000 INFO  [o.n.k.i.DiagnosticsManager] --- STARTED diagnostics for KernelDiagnostics:Versions END ---
2016-07-04 06:17:40.950+0000 INFO  [o.n.k.i.DiagnosticsManager] --- STARTED diagnostics for NEO_STORE_VERSIONS START ---
2016-07-04 06:17:40.950+0000 INFO  [o.n.k.i.DiagnosticsManager] Store versions:
2016-07-04 06:17:40.950+0000 INFO  [o.n.k.i.DiagnosticsManager] Store versions:
2016-07-04 06:17:40.950+0000 INFO  [o.n.k.i.DiagnosticsManager]   ArrayPropertyStore v0.A.7
2016-07-04 06:17:40.950+0000 INFO  [o.n.k.i.DiagnosticsManager]   NodeStore v0.A.7
2016-07-04 06:17:40.950+0000 INFO  [o.n.k.i.DiagnosticsManager]   StringPropertyStore v0.A.7
2016-07-04 06:17:40.950+0000 INFO  [o.n.k.i.DiagnosticsManager]   PropertyIndexStore v0.A.7
2016-07-04 06:17:40.950+0000 INFO  [o.n.k.i.DiagnosticsManager]   StringPropertyStore v0.A.7
2016-07-04 06:17:40.950+0000 INFO  [o.n.k.i.DiagnosticsManager]   ArrayPropertyStore v0.A.7
2016-07-04 06:17:40.950+0000 INFO  [o.n.k.i.DiagnosticsManager]   PropertyStore v0.A.7
2016-07-04 06:17:40.950+0000 INFO  [o.n.k.i.DiagnosticsManager]   RelationshipStore v0.A.7
2016-07-04 06:17:40.950+0000 INFO  [o.n.k.i.DiagnosticsManager]   StringPropertyStore v0.A.7
2016-07-04 06:17:40.950+0000 INFO  [o.n.k.i.DiagnosticsManager]   RelationshipTypeStore v0.A.7
2016-07-04 06:17:40.950+0000 INFO  [o.n.k.i.DiagnosticsManager]   StringPropertyStore v0.A.7
2016-07-04 06:17:40.950+0000 INFO  [o.n.k.i.DiagnosticsManager]   LabelTokenStore v0.A.7
2016-07-04 06:17:40.950+0000 INFO  [o.n.k.i.DiagnosticsManager]   SchemaStore v0.A.7
2016-07-04 06:17:40.950+0000 INFO  [o.n.k.i.DiagnosticsManager]   RelationshipGroupStore v0.A.7
2016-07-04 06:17:40.950+0000 INFO  [o.n.k.i.DiagnosticsManager]   NeoStore v0.A.7
2016-07-04 06:17:40.950+0000 INFO  [o.n.k.i.DiagnosticsManager] --- STARTED diagnostics for NEO_STORE_VERSIONS END ---
2016-07-04 06:17:40.950+0000 INFO  [o.n.k.i.DiagnosticsManager] --- STARTED diagnostics for NEO_STORE_ID_USAGE START ---
2016-07-04 06:17:40.951+0000 INFO  [o.n.k.i.DiagnosticsManager] Id usage:
2016-07-04 06:17:40.951+0000 INFO  [o.n.k.i.DiagnosticsManager] Id usage:
2016-07-04 06:17:40.951+0000 INFO  [o.n.k.i.DiagnosticsManager]   ArrayPropertyStore: used=1 high=0
2016-07-04 06:17:40.951+0000 INFO  [o.n.k.i.DiagnosticsManager]   NodeStore: used=10 high=9
2016-07-04 06:17:40.951+0000 INFO  [o.n.k.i.DiagnosticsManager]   StringPropertyStore: used=1 high=0
2016-07-04 06:17:40.951+0000 INFO  [o.n.k.i.DiagnosticsManager]   PropertyIndexStore: used=0 high=-1
2016-07-04 06:17:40.951+0000 INFO  [o.n.k.i.DiagnosticsManager]   StringPropertyStore: used=1 high=0
2016-07-04 06:17:40.951+0000 INFO  [o.n.k.i.DiagnosticsManager]   ArrayPropertyStore: used=1 high=0
2016-07-04 06:17:40.951+0000 INFO  [o.n.k.i.DiagnosticsManager]   PropertyStore: used=0 high=-1
2016-07-04 06:17:40.951+0000 INFO  [o.n.k.i.DiagnosticsManager]   RelationshipStore: used=0 high=-1
2016-07-04 06:17:40.951+0000 INFO  [o.n.k.i.DiagnosticsManager]   StringPropertyStore: used=1 high=0
2016-07-04 06:17:40.951+0000 INFO  [o.n.k.i.DiagnosticsManager]   RelationshipTypeStore: used=0 high=-1
2016-07-04 06:17:40.951+0000 INFO  [o.n.k.i.DiagnosticsManager]   StringPropertyStore: used=1 high=0
2016-07-04 06:17:40.951+0000 INFO  [o.n.k.i.DiagnosticsManager]   LabelTokenStore: used=0 high=-1
2016-07-04 06:17:40.951+0000 INFO  [o.n.k.i.DiagnosticsManager]   SchemaStore: used=1 high=0
2016-07-04 06:17:40.951+0000 INFO  [o.n.k.i.DiagnosticsManager]   RelationshipGroupStore: used=1 high=0
2016-07-04 06:17:40.951+0000 INFO  [o.n.k.i.DiagnosticsManager]   NeoStore: used=13 high=12
2016-07-04 06:17:40.951+0000 INFO  [o.n.k.i.DiagnosticsManager] --- STARTED diagnostics for NEO_STORE_ID_USAGE END ---
2016-07-04 06:17:40.951+0000 INFO  [o.n.k.i.DiagnosticsManager] --- STARTED diagnostics for NEO_STORE_RECORDS START ---
2016-07-04 06:17:40.951+0000 INFO  [o.n.k.i.DiagnosticsManager] Neostore records:
2016-07-04 06:17:40.951+0000 INFO  [o.n.k.i.DiagnosticsManager] TIME (Creation time): 1467613060659
2016-07-04 06:17:40.951+0000 INFO  [o.n.k.i.DiagnosticsManager] RANDOM_NUMBER (Random number for store id): -3299754191369998250
2016-07-04 06:17:40.951+0000 INFO  [o.n.k.i.DiagnosticsManager] LOG_VERSION (Current log version): 0
2016-07-04 06:17:40.951+0000 INFO  [o.n.k.i.DiagnosticsManager] LAST_TRANSACTION_ID (Last committed transaction): 2
2016-07-04 06:17:40.951+0000 INFO  [o.n.k.i.DiagnosticsManager] STORE_VERSION (Store format version): 15531981201765894
2016-07-04 06:17:40.951+0000 INFO  [o.n.k.i.DiagnosticsManager] FIRST_GRAPH_PROPERTY (First property record containing graph properties): -1
2016-07-04 06:17:40.951+0000 INFO  [o.n.k.i.DiagnosticsManager] LAST_CONSTRAINT_TRANSACTION (Last committed transaction containing constraint changes): 0
2016-07-04 06:17:40.951+0000 INFO  [o.n.k.i.DiagnosticsManager] UPGRADE_TRANSACTION_ID (Transaction id most recent upgrade was performed at): 1
2016-07-04 06:17:40.951+0000 INFO  [o.n.k.i.DiagnosticsManager] UPGRADE_TIME (Time of last upgrade): 1467613060659
2016-07-04 06:17:40.951+0000 INFO  [o.n.k.i.DiagnosticsManager] LAST_TRANSACTION_CHECKSUM (Checksum of last committed transaction): -160953534523
2016-07-04 06:17:40.951+0000 INFO  [o.n.k.i.DiagnosticsManager] UPGRADE_TRANSACTION_CHECKSUM (Checksum of transaction id the most recent upgrade was performed at): 0
2016-07-04 06:17:40.951+0000 INFO  [o.n.k.i.DiagnosticsManager] LAST_CLOSED_TRANSACTION_LOG_VERSION (Log version where the last transaction commit entry has been written into): 0
2016-07-04 06:17:40.951+0000 INFO  [o.n.k.i.DiagnosticsManager] LAST_CLOSED_TRANSACTION_LOG_BYTE_OFFSET (Byte offset in the log file where the last transaction commit entry has been written into): 547
2016-07-04 06:17:40.951+0000 INFO  [o.n.k.i.DiagnosticsManager] --- STARTED diagnostics for NEO_STORE_RECORDS END ---
2016-07-04 06:17:40.951+0000 INFO  [o.n.k.i.DiagnosticsManager] --- STARTED diagnostics for TRANSACTION_RANGE START ---
2016-07-04 06:17:40.951+0000 INFO  [o.n.k.i.DiagnosticsManager] Transaction log:
2016-07-04 06:17:40.951+0000 INFO  [o.n.k.i.DiagnosticsManager] Oldest transaction 2 found in log with version 0
2016-07-04 06:17:40.951+0000 INFO  [o.n.k.i.DiagnosticsManager] --- STARTED diagnostics for TRANSACTION_RANGE END ---
2016-07-04 06:17:40.951+0000 INFO  [o.n.k.i.DiagnosticsManager] --- STARTED diagnostics for KernelDiagnostics:StoreFiles START ---
2016-07-04 06:17:40.951+0000 INFO  [o.n.k.i.DiagnosticsManager] Disk space on partition (Total / Free / Free %): 999334871040 / 719089897472 / 71
Storage files: (filename : modification date - size)
2016-07-04 06:17:40.951+0000 INFO  [o.n.k.i.DiagnosticsManager]   index:
2016-07-04 06:17:40.951+0000 INFO  [o.n.k.i.DiagnosticsManager]   - Total: 2016-07-04T08:17:40+0200 - 0.00 B
2016-07-04 06:17:40.951+0000 INFO  [o.n.k.i.DiagnosticsManager]   logs:
2016-07-04 06:17:40.951+0000 INFO  [o.n.k.i.DiagnosticsManager]     debug.log: 2016-07-04T08:17:40+0200 - 72.81 kB
2016-07-04 06:17:40.951+0000 INFO  [o.n.k.i.DiagnosticsManager]   - Total: 2016-07-04T08:17:40+0200 - 72.81 kB
2016-07-04 06:17:40.951+0000 INFO  [o.n.k.i.DiagnosticsManager]   neostore: 2016-07-04T08:17:40+0200 - 8.00 kB
2016-07-04 06:17:40.951+0000 INFO  [o.n.k.i.DiagnosticsManager]   neostore.counts.db.a: 2016-07-04T08:17:40+0200 - 96.00 B
2016-07-04 06:17:40.951+0000 INFO  [o.n.k.i.DiagnosticsManager]   neostore.counts.db.b: 2016-07-04T08:17:40+0200 - 128.00 B
2016-07-04 06:17:40.951+0000 INFO  [o.n.k.i.DiagnosticsManager]   neostore.id: 2016-07-04T08:17:40+0200 - 9.00 B
2016-07-04 06:17:40.951+0000 INFO  [o.n.k.i.DiagnosticsManager]   neostore.labeltokenstore.db: 2016-07-04T08:17:40+0200 - 0.00 B
2016-07-04 06:17:40.951+0000 INFO  [o.n.k.i.DiagnosticsManager]   neostore.labeltokenstore.db.id: 2016-07-04T08:17:40+0200 - 9.00 B
2016-07-04 06:17:40.951+0000 INFO  [o.n.k.i.DiagnosticsManager]   neostore.labeltokenstore.db.names: 2016-07-04T08:17:40+0200 - 8.00 kB
2016-07-04 06:17:40.952+0000 INFO  [o.n.k.i.DiagnosticsManager]   neostore.labeltokenstore.db.names.id: 2016-07-04T08:17:40+0200 - 9.00 B
2016-07-04 06:17:40.952+0000 INFO  [o.n.k.i.DiagnosticsManager]   neostore.nodestore.db: 2016-07-04T08:17:40+0200 - 8.00 kB
2016-07-04 06:17:40.952+0000 INFO  [o.n.k.i.DiagnosticsManager]   neostore.nodestore.db.id: 2016-07-04T08:17:40+0200 - 9.00 B
2016-07-04 06:17:40.952+0000 INFO  [o.n.k.i.DiagnosticsManager]   neostore.nodestore.db.labels: 2016-07-04T08:17:40+0200 - 8.00 kB
2016-07-04 06:17:40.952+0000 INFO  [o.n.k.i.DiagnosticsManager]   neostore.nodestore.db.labels.id: 2016-07-04T08:17:40+0200 - 9.00 B
2016-07-04 06:17:40.952+0000 INFO  [o.n.k.i.DiagnosticsManager]   neostore.propertystore.db: 2016-07-04T08:17:40+0200 - 0.00 B
2016-07-04 06:17:40.952+0000 INFO  [o.n.k.i.DiagnosticsManager]   neostore.propertystore.db.arrays: 2016-07-04T08:17:40+0200 - 8.00 kB
2016-07-04 06:17:40.952+0000 INFO  [o.n.k.i.DiagnosticsManager]   neostore.propertystore.db.arrays.id: 2016-07-04T08:17:40+0200 - 9.00 B
2016-07-04 06:17:40.952+0000 INFO  [o.n.k.i.DiagnosticsManager]   neostore.propertystore.db.id: 2016-07-04T08:17:40+0200 - 9.00 B
2016-07-04 06:17:40.952+0000 INFO  [o.n.k.i.DiagnosticsManager]   neostore.propertystore.db.index: 2016-07-04T08:17:40+0200 - 0.00 B
2016-07-04 06:17:40.952+0000 INFO  [o.n.k.i.DiagnosticsManager]   neostore.propertystore.db.index.id: 2016-07-04T08:17:40+0200 - 9.00 B
2016-07-04 06:17:40.952+0000 INFO  [o.n.k.i.DiagnosticsManager]   neostore.propertystore.db.index.keys: 2016-07-04T08:17:40+0200 - 8.00 kB
2016-07-04 06:17:40.952+0000 INFO  [o.n.k.i.DiagnosticsManager]   neostore.propertystore.db.index.keys.id: 2016-07-04T08:17:40+0200 - 9.00 B
2016-07-04 06:17:40.952+0000 INFO  [o.n.k.i.DiagnosticsManager]   neostore.propertystore.db.strings: 2016-07-04T08:17:40+0200 - 8.00 kB
2016-07-04 06:17:40.952+0000 INFO  [o.n.k.i.DiagnosticsManager]   neostore.propertystore.db.strings.id: 2016-07-04T08:17:40+0200 - 9.00 B
2016-07-04 06:17:40.952+0000 INFO  [o.n.k.i.DiagnosticsManager]   neostore.relationshipgroupstore.db: 2016-07-04T08:17:40+0200 - 8.00 kB
2016-07-04 06:17:40.952+0000 INFO  [o.n.k.i.DiagnosticsManager]   neostore.relationshipgroupstore.db.id: 2016-07-04T08:17:40+0200 - 9.00 B
2016-07-04 06:17:40.952+0000 INFO  [o.n.k.i.DiagnosticsManager]   neostore.relationshipstore.db: 2016-07-04T08:17:40+0200 - 0.00 B
2016-07-04 06:17:40.952+0000 INFO  [o.n.k.i.DiagnosticsManager]   neostore.relationshipstore.db.id: 2016-07-04T08:17:40+0200 - 9.00 B
2016-07-04 06:17:40.952+0000 INFO  [o.n.k.i.DiagnosticsManager]   neostore.relationshiptypestore.db: 2016-07-04T08:17:40+0200 - 0.00 B
2016-07-04 06:17:40.952+0000 INFO  [o.n.k.i.DiagnosticsManager]   neostore.relationshiptypestore.db.id: 2016-07-04T08:17:40+0200 - 9.00 B
2016-07-04 06:17:40.952+0000 INFO  [o.n.k.i.DiagnosticsManager]   neostore.relationshiptypestore.db.names: 2016-07-04T08:17:40+0200 - 8.00 kB
2016-07-04 06:17:40.952+0000 INFO  [o.n.k.i.DiagnosticsManager]   neostore.relationshiptypestore.db.names.id: 2016-07-04T08:17:40+0200 - 9.00 B
2016-07-04 06:17:40.952+0000 INFO  [o.n.k.i.DiagnosticsManager]   neostore.schemastore.db: 2016-07-04T08:17:40+0200 - 8.00 kB
2016-07-04 06:17:40.952+0000 INFO  [o.n.k.i.DiagnosticsManager]   neostore.schemastore.db.id: 2016-07-04T08:17:40+0200 - 9.00 B
2016-07-04 06:17:40.952+0000 INFO  [o.n.k.i.DiagnosticsManager]   neostore.transaction.db.0: 2016-07-04T08:17:40+0200 - 565.00 B
2016-07-04 06:17:40.952+0000 INFO  [o.n.k.i.DiagnosticsManager]   schema:
2016-07-04 06:17:40.952+0000 INFO  [o.n.k.i.DiagnosticsManager]     label:
2016-07-04 06:17:40.952+0000 INFO  [o.n.k.i.DiagnosticsManager]       lucene:
2016-07-04 06:17:40.952+0000 INFO  [o.n.k.i.DiagnosticsManager]         labelStore:
2016-07-04 06:17:40.952+0000 INFO  [o.n.k.i.DiagnosticsManager]           1:
2016-07-04 06:17:40.952+0000 INFO  [o.n.k.i.DiagnosticsManager]             segments_1: 2016-07-04T08:17:40+0200 - 71.00 B
2016-07-04 06:17:40.952+0000 INFO  [o.n.k.i.DiagnosticsManager]             write.lock: 2016-07-04T08:17:40+0200 - 0.00 B
2016-07-04 06:17:40.952+0000 INFO  [o.n.k.i.DiagnosticsManager]           - Total: 2016-07-04T08:17:40+0200 - 71.00 B
2016-07-04 06:17:40.952+0000 INFO  [o.n.k.i.DiagnosticsManager]           failure-message: 2016-07-04T08:17:40+0200 - 16.00 kB
2016-07-04 06:17:40.952+0000 INFO  [o.n.k.i.DiagnosticsManager]         - Total: 2016-07-04T08:17:40+0200 - 16.07 kB
2016-07-04 06:17:40.952+0000 INFO  [o.n.k.i.DiagnosticsManager]       - Total: 2016-07-04T08:17:40+0200 - 16.07 kB
2016-07-04 06:17:40.952+0000 INFO  [o.n.k.i.DiagnosticsManager]     - Total: 2016-07-04T08:17:40+0200 - 16.07 kB
2016-07-04 06:17:40.952+0000 INFO  [o.n.k.i.DiagnosticsManager]   - Total: 2016-07-04T08:17:40+0200 - 16.07 kB
2016-07-04 06:17:40.952+0000 INFO  [o.n.k.i.DiagnosticsManager]   store_lock: 2016-07-04T08:17:40+0200 - 0.00 B
2016-07-04 06:17:40.952+0000 INFO  [o.n.k.i.DiagnosticsManager] --- STARTED diagnostics for KernelDiagnostics:StoreFiles END ---
2016-07-04 06:17:40.953+0000 INFO  [o.n.k.i.f.GraphDatabaseFacadeFactory] Shutdown started
2016-07-04 06:17:40.953+0000 INFO  [o.n.k.i.f.GraphDatabaseFacadeFactory] Database is now unavailable
2016-07-04 06:17:40.953+0000 INFO  [o.n.b.BackupServer] BackupServer communication server shutting down and unbinding from  /127.0.0.1:6362
2016-07-04 06:17:40.953+0000 INFO  [o.n.k.i.t.l.c.CheckPointerImpl] Check Pointing triggered by database shutdown [2]:  Starting check pointing...
2016-07-04 06:17:40.953+0000 INFO  [o.n.k.i.t.l.c.CheckPointerImpl] Check Pointing triggered by database shutdown [2]:  Starting store flush...
2016-07-04 06:17:40.953+0000 INFO  [o.n.k.i.t.l.c.CheckPointerImpl] Check Pointing triggered by database shutdown [2]:  Store flush completed
2016-07-04 06:17:40.953+0000 INFO  [o.n.k.i.t.l.c.CheckPointerImpl] Check Pointing triggered by database shutdown [2]:  Starting appending check point entry into the tx log...
2016-07-04 06:17:40.954+0000 INFO  [o.n.k.i.t.l.c.CheckPointerImpl] Check Pointing triggered by database shutdown [2]:  Appending check point entry into the tx log completed
2016-07-04 06:17:40.954+0000 INFO  [o.n.k.i.t.l.c.CheckPointerImpl] Check Pointing triggered by database shutdown [2]:  Check pointing completed
2016-07-04 06:17:40.954+0000 INFO  [o.n.k.i.t.l.p.LogPruningImpl] Log Rotation [0]:  Starting log pruning.
2016-07-04 06:17:40.954+0000 INFO  [o.n.k.i.t.l.p.LogPruningImpl] Log Rotation [0]:  Log pruning complete.
2016-07-04 06:17:40.956+0000 INFO  [o.n.k.i.DiagnosticsManager] --- STOPPING diagnostics START ---
2016-07-04 06:17:40.956+0000 INFO  [o.n.k.i.DiagnosticsManager] --- STOPPING diagnostics END ---
